Log file open, 05/22/17 18:32:27
LogInit:Display: Running engine for game: UnrealDemo
LogPlatformFile: Not using cached read wrapper
LogInit:Display: RandInit(-1851347118) SRandInit(-1851347118).
LogTaskGraph: Started task graph with 5 named threads and 8 total threads with 1 sets of task threads.
LogStats: Stats thread started at 0.071235
LogInit: Using libcurl 7.47.1
LogInit:  - built for x86_64-pc-win32
LogInit:  - supports SSL with OpenSSL/1.0.2g
LogInit:  - supports HTTP deflate (compression) using libz 1.2.8
LogInit:  - other features:
LogInit:      CURL_VERSION_SSL
LogInit:      CURL_VERSION_LIBZ
LogInit:      CURL_VERSION_IPV6
LogInit:      CURL_VERSION_ASYNCHDNS
LogInit:      CURL_VERSION_LARGEFILE
LogInit:      CURL_VERSION_IDN
LogInit:  CurlRequestOptions (configurable via config and command line):
LogInit:  - bVerifyPeer = false  - Libcurl will NOT verify peer certificate
LogInit:  - bUseHttpProxy = false  - Libcurl will NOT use HTTP proxy
LogInit:  - bDontReuseConnections = false  - Libcurl will reuse connections
LogInit:  - CertBundlePath = nullptr  - Libcurl will use whatever was configured at build time.
LogInit: Build: ++UE4+Release-4.15-CL-3416026
LogInit: Engine Version: 4.15.2-3416026+++UE4+Release-4.15
LogInit: Compatible Engine Version: 4.15.0-3299760+++UE4+Release-4.15
LogInit: Net CL: 3299760
LogDevObjectVersion: Number of dev versions registered: 14
LogDevObjectVersion:   Dev-Blueprints (B0D832E4-1F89-4F0D-ACCF-7EB736FD4AA2): 8
LogDevObjectVersion:   Dev-Build (E1C64328-A22C-4D53-A36C-8E866417BD8C): 0
LogDevObjectVersion:   Dev-Core (375EC13C-06E4-48FB-B500-84F0262A717E): 2
LogDevObjectVersion:   Dev-Editor (E4B068ED-F494-42E9-A231-DA0B2E46BB41): 14
LogDevObjectVersion:   Dev-Framework (CFFC743F-43B0-4480-9391-14DF171D2073): 22
LogDevObjectVersion:   Dev-Mobile (B02B49B5-BB20-44E9-A304-32B752E40360): 0
LogDevObjectVersion:   Dev-Networking (A4E4105C-59A1-49B5-A7C5-40C4547EDFEE): 0
LogDevObjectVersion:   Dev-Online (39C831C9-5AE6-47DC-9A44-9C173E1C8E7C): 0
LogDevObjectVersion:   Dev-Physics (78F01B33-EBEA-4F98-B9B4-84EACCB95AA2): 0
LogDevObjectVersion:   Dev-Platform (6631380F-2D4D-43E0-8009-CF276956A95A): 0
LogDevObjectVersion:   Dev-Rendering (12F88B9F-8875-4AFC-A67C-D90C383ABD29): 12
LogDevObjectVersion:   Dev-Sequencer (7B5AE74C-D270-4C10-A958-57980B212A5A): 3
LogDevObjectVersion:   Dev-VR (D7296918-1DD6-4BDD-9DE2-64A83CC13884): 0
LogDevObjectVersion:   Dev-LoadTimes (C2A15278-BFE7-4AFE-6C17-90FF531DF755): 1
LogInit: Compiled (64-bit): May  1 2017 13:11:28
LogInit: Compiled with Visual C++: 19.00.23026.00
LogInit: Build Configuration: Development
LogInit: Branch Name: ++UE4+Release-4.15
LogInit: Command line: -EpicPortal 
LogInit: Base directory: C:/Program Files/Epic Games/UE_4.15/Engine/Binaries/Win64/
LogInit: Installed Engine Build: 1
LogInit: Presizing for max 8388607 objects, including 0 objects not considered by GC, pre-allocating 0 bytes for permanent pool.
LogInit: Object subsystem initialized
[2017.05.22-22.32.27:913][  0]LogInit: Selected Device Profile: [Windows]
[2017.05.22-22.32.27:914][  0]LogInit: Applying CVar settings loaded from the selected device profile: [Windows]
[2017.05.22-22.32.27:920][  0]LogInit: Computer: ANDI-PC
[2017.05.22-22.32.27:920][  0]LogInit: User: Andi
[2017.05.22-22.32.27:920][  0]LogInit: CPU Page size=65536, Cores=4
[2017.05.22-22.32.27:920][  0]LogInit: High frequency timer resolution =3.234374 MHz
[2017.05.22-22.32.27:920][  0]LogMemory: Memory total: Physical=7.9GB (8GB approx)
[2017.05.22-22.32.27:920][  0]LogMemory: Platform Memory Stats for Windows
[2017.05.22-22.32.27:920][  0]LogMemory: Process Physical Memory: 259.76 MB used, 259.76 MB peak
[2017.05.22-22.32.27:920][  0]LogMemory: Process Virtual Memory: 262.14 MB used, 262.14 MB peak
[2017.05.22-22.32.27:920][  0]LogMemory: Physical Memory: 4677.56 MB used,  3444.63 MB free, 8122.19 MB total
[2017.05.22-22.32.27:920][  0]LogMemory: Virtual Memory: 622.50 MB used,  3444.63 MB free, 134217728.00 MB total
[2017.05.22-22.32.27:990][  0]LogTextLocalizationManager: No specific translations for ('en-US') exist, so ('en') translations will be used.
[2017.05.22-22.32.28:508][  0]LogD3D11RHI: D3D11 adapters:
[2017.05.22-22.32.28:949][  0]LogD3D11RHI:    0. 'NVIDIA GeForce GTX 970' (Feature Level 11_0)
[2017.05.22-22.32.28:949][  0]LogD3D11RHI:       3991/0/4061 MB DedicatedVideo/DedicatedSystem/SharedSystem, Outputs:1, VendorId:0x10de
[2017.05.22-22.32.28:951][  0]LogD3D11RHI:    1. 'Microsoft Basic Render Driver' (Feature Level 11_0)
[2017.05.22-22.32.28:951][  0]LogD3D11RHI:       0/0/256 MB DedicatedVideo/DedicatedSystem/SharedSystem, Outputs:0, VendorId:0x1414
[2017.05.22-22.32.28:951][  0]LogD3D11RHI: Chosen D3D11 Adapter: 0
[2017.05.22-22.32.28:954][  0]LogD3D11RHI: Creating new Direct3DDevice
[2017.05.22-22.32.28:954][  0]LogD3D11RHI:     GPU DeviceId: 0x13c2 (for the marketing name, search the web for "GPU Device Id")
[2017.05.22-22.32.28:954][  0]LogWindows: EnumDisplayDevices:
[2017.05.22-22.32.28:954][  0]LogWindows:    0. 'NVIDIA GeForce GTX 970' (P:1 D:1)
[2017.05.22-22.32.28:954][  0]LogWindows:    1. 'NVIDIA GeForce GTX 970' (P:0 D:0)
[2017.05.22-22.32.28:954][  0]LogWindows:    2. 'NVIDIA GeForce GTX 970' (P:0 D:0)
[2017.05.22-22.32.28:954][  0]LogWindows:    3. 'NVIDIA GeForce GTX 970' (P:0 D:0)
[2017.05.22-22.32.28:954][  0]LogWindows: DebugString: FoundDriverCount:4 
[2017.05.22-22.32.28:954][  0]LogD3D11RHI:     Adapter Name: NVIDIA GeForce GTX 970
[2017.05.22-22.32.28:954][  0]LogD3D11RHI:   Driver Version: 375.70 (internal:21.21.13.7570, unified:375.70)
[2017.05.22-22.32.28:954][  0]LogD3D11RHI:      Driver Date: 10-25-2016
[2017.05.22-22.32.28:954][  0]LogRHI: Texture pool is 1361 MB (70% of 1945 MB)
[2017.05.22-22.32.29:422][  0]LogD3D11RHI: [Aftermath] Aftermath enabled but failed to initialize due to reason: DriverVersionNotSupported
[2017.05.22-22.32.29:422][  0]LogD3D11RHI: Async texture creation enabled
[2017.05.22-22.32.29:457][  0]LogD3D11RHI: GPU Timing Frequency: 1000.000000 (Debug: 2 2)
[2017.05.22-22.32.29:505][  0]LogShaderCompilers: Guid format shader working directory is -20 characters bigger than the processId version (../../../../../../Users/Andi/Documents/Unreal Projects/UnrealDemo/Intermediate/Shaders/WorkingDirectory/6560/).
[2017.05.22-22.32.29:505][  0]LogShaderCompilers: Cleaned the shader compiler working directory 'C:/Users/Andi/AppData/Local/Temp/UnrealShaderWorkingDir/3BB59421482DF1758FD909BD82EA1DC5/'.
[2017.05.22-22.32.29:505][  0]LogShaderCompilers:Display: Using Local Shader Compiler.
[2017.05.22-22.32.30:402][  0]LogTemp:Display: Loaded TP AllDesktopTargetPlatform
[2017.05.22-22.32.30:447][  0]LogTemp:Display: Loaded TP MacClientTargetPlatform
[2017.05.22-22.32.30:490][  0]LogTemp:Display: Loaded TP MacNoEditorTargetPlatform
[2017.05.22-22.32.30:535][  0]LogTemp:Display: Loaded TP MacServerTargetPlatform
[2017.05.22-22.32.30:580][  0]LogTemp:Display: Loaded TP MacTargetPlatform
[2017.05.22-22.32.30:624][  0]LogTemp:Display: Loaded TP WindowsClientTargetPlatform
[2017.05.22-22.32.30:669][  0]LogTemp:Display: Loaded TP WindowsNoEditorTargetPlatform
[2017.05.22-22.32.30:713][  0]LogTemp:Display: Loaded TP WindowsServerTargetPlatform
[2017.05.22-22.32.30:748][  0]LogTemp:Display: Loaded TP WindowsTargetPlatform
[2017.05.22-22.32.30:790][  0]LogTemp:Display: Loaded TP AndroidTargetPlatform
[2017.05.22-22.32.30:833][  0]LogTemp:Display: Loaded TP Android_ASTCTargetPlatform
[2017.05.22-22.32.30:876][  0]LogTemp:Display: Loaded TP Android_ATCTargetPlatform
[2017.05.22-22.32.30:919][  0]LogTemp:Display: Loaded TP Android_DXTTargetPlatform
[2017.05.22-22.32.30:963][  0]LogTemp:Display: Loaded TP Android_ETC1TargetPlatform
[2017.05.22-22.32.31:006][  0]LogTemp:Display: Loaded TP Android_ETC2TargetPlatform
[2017.05.22-22.32.31:092][  0]LogTemp:Display: Loaded TP Android_MultiTargetPlatform
[2017.05.22-22.32.31:092][  0]LogTemp:Display: Loaded TP Android_PVRTCTargetPlatform
[2017.05.22-22.32.31:122][  0]LogTemp:Display: Loaded TP HTML5TargetPlatform
[2017.05.22-22.32.31:206][  0]LogTemp:Display: Loaded TP IOSTargetPlatform
[2017.05.22-22.32.31:235][  0]LogTemp:Display: Loaded TP TVOSTargetPlatform
[2017.05.22-22.32.31:279][  0]LogTemp:Display: Loaded TP LinuxClientTargetPlatform
[2017.05.22-22.32.31:322][  0]LogTemp:Display: Loaded TP LinuxNoEditorTargetPlatform
[2017.05.22-22.32.31:365][  0]LogTemp:Display: Loaded TP LinuxServerTargetPlatform
[2017.05.22-22.32.31:409][  0]LogTemp:Display: Loaded TP LinuxTargetPlatform
[2017.05.22-22.32.31:409][  0]LogTargetPlatformManager:Display: Building Assets For Windows
[2017.05.22-22.32.31:754][  0]LogDerivedDataCache:Display: Max Cache Size: 512 MB
[2017.05.22-22.32.31:797][  0]LogDerivedDataCache: Loaded boot cache 0.04s 50MB C:/Users/Andi/AppData/Local/UnrealEngine/4.15/DerivedDataCache/Boot.ddc.
[2017.05.22-22.32.31:798][  0]LogDerivedDataCache:Display: Loaded Boot cache: C:/Users/Andi/AppData/Local/UnrealEngine/4.15/DerivedDataCache/Boot.ddc
[2017.05.22-22.32.31:798][  0]LogDerivedDataCache: FDerivedDataBackendGraph:  Pak pak cache file ../../../../../../Users/Andi/Documents/Unreal Projects/UnrealDemo/DerivedDataCache/DDC.ddp not found, will not use a pak cache.
[2017.05.22-22.32.31:798][  0]LogDerivedDataCache: Unable to find inner node Pak for hierarchical cache Hierarchy.
[2017.05.22-22.32.31:798][  0]LogDerivedDataCache: FDerivedDataBackendGraph:  CompressedPak pak cache file ../../../../../../Users/Andi/Documents/Unreal Projects/UnrealDemo/DerivedDataCache/Compressed.ddp not found, will not use a pak cache.
[2017.05.22-22.32.31:798][  0]LogDerivedDataCache: Unable to find inner node CompressedPak for hierarchical cache Hierarchy.
[2017.05.22-22.32.31:814][  0]LogDerivedDataCache:Display: Pak cache opened for reading ../../../Engine/DerivedDataCache/Compressed.ddp.
[2017.05.22-22.32.31:826][  0]LogDerivedDataCache: Using Local data cache path C:/Users/Andi/AppData/Local/UnrealEngine/Common/DerivedDataCache: Writable
[2017.05.22-22.32.31:834][  0]LogSlate: Using Freetype 2.6.0
[2017.05.22-22.32.31:835][  0]LogSlate: SlateFontCache - WITH_FREETYPE: 1, WITH_HARFBUZZ: 1
[2017.05.22-22.32.31:835][  0]LogSlate: SlateFontCache - WITH_FREETYPE: 1, WITH_HARFBUZZ: 1
[2017.05.22-22.32.32:052][  0]LogInit: Selected Device Profile: [Windows]
[2017.05.22-22.32.32:054][  0]LogContentStreaming: Texture pool size is 0.00 MB
[2017.05.22-22.32.32:222][  0]LogMeshUtilities: Using QuadricMeshReduction for automatic static mesh reduction
[2017.05.22-22.32.32:255][  0]LogSimplygon: Simplygon DLL not present - disabling.
[2017.05.22-22.32.32:290][  0]LogMeshUtilities: Using SimplygonSwarm for distributed automatic mesh merging
[2017.05.22-22.32.32:290][  0]LogMeshUtilities: No automatic skeletal mesh reduction module available
[2017.05.22-22.32.32:290][  0]LogMeshUtilities: No automatic mesh merging module available
[2017.05.22-22.32.32:739][  0]LogNetVersion: GetLocalNetworkVersion: CL: 3299760, ProjectName: unrealdemo, ProjectVersion: , EngineNetworkVersion: 2, GameNetworkVersion: 0, NetworkChecksum: 1100607444
[2017.05.22-22.32.32:781][  0]LogAssetRegistry: FAssetRegistry took 0.0223 seconds to start up
[2017.05.22-22.32.32:826][  0]LogPackageLocalizationCache: Processed 3 localized package path(s) for 2 prioritized culture(s) in 0.027287 seconds
[2017.05.22-22.32.32:831][  0]LogUObjectArray: 32493 objects as part of root set at end of initial load.
[2017.05.22-22.32.32:831][  0]LogUObjectAllocator: 7077024 out of 0 bytes used by permanent object pool.
[2017.05.22-22.32.32:831][  0]LogUObjectArray: CloseDisregardForGC: 0/0 objects in disregard for GC pool
[2017.05.22-22.32.32:882][  0]LogInit: WinSock: version 1.1 (2.2), MaxSocks=32767, MaxUdp=65467
[2017.05.22-22.32.34:186][  0]LogTcpMessaging: Initializing TcpMessaging bridge
[2017.05.22-22.32.34:222][  0]LogUdpMessaging: Initializing bridge on interface 0.0.0.0:0 to multicast group 230.0.0.1:6666.
[2017.05.22-22.32.34:586][  0]LogMaterial: Uniform references updated for custom material expression Custom.
[2017.05.22-22.32.34:879][  0]SourceControl: Info Source control is disabled
[2017.05.22-22.32.34:880][  0]SourceControl: Info Source control is disabled
[2017.05.22-22.32.34:915][  0]SourceControl: Info Source control is disabled
[2017.05.22-22.32.34:949][  0]SourceControl: Info Source control is disabled
[2017.05.22-22.32.35:884][  0]LogEngine: Initializing Engine...
[2017.05.22-22.32.35:884][  0]LogHMD: Failed to initialize OpenVR with code 110
[2017.05.22-22.32.35:973][  0]LogStats: UGameplayTagsManager::ConstructGameplayTagTree: Construct from data asset -  0.000 s
[2017.05.22-22.32.35:973][  0]LogStats: UGameplayTagsManager::ConstructGameplayTagTree: GameplayTagTreeChangedEvent.Broadcast -  0.000 s
[2017.05.22-22.32.36:064][  0]LogAIModule: Creating AISystem for world Untitled
[2017.05.22-22.32.36:071][  0]LogInit: XAudio2 using 'Speakers (2- High Definition Audio Device)' : 2 channels at 44.1 kHz using 16 bits per sample (channel mask 0x3)
[2017.05.22-22.32.36:085][  0]LogInit: FAudioDevice initialized.
[2017.05.22-22.32.36:106][  0]LogDerivedDataCache: Saved boot cache 0.02s 50MB C:/Users/Andi/AppData/Local/UnrealEngine/4.15/DerivedDataCache/Boot.ddc.
[2017.05.22-22.32.36:110][  0]LogInit: Texture streaming: Enabled
[2017.05.22-22.32.36:185][  0]LogEngineSessionManager: EngineSessionManager initialized
[2017.05.22-22.32.36:258][  0]LogInit: Transaction tracking system initialized
[2017.05.22-22.32.36:521][  0]BlueprintLog: New page: Editor Load
[2017.05.22-22.32.37:211][  0]LocalizationService: Info Localization service is disabled
[2017.05.22-22.32.37:723][  0]LogConsoleResponse:Display: 
[2017.05.22-22.32.37:828][  0]LogCook:Display: Max memory allowance for cook 16384mb min free memory 0mb
[2017.05.22-22.32.37:828][  0]LogCook:Display: Mobile HDR setting 1
[2017.05.22-22.32.38:082][  0]LogFileCache: Scanning file cache for directory 'C:/Users/Andi/Documents/Unreal Projects/UnrealDemo/Content/' took 0.01s
[2017.05.22-22.32.38:613][  0]SourceControl: Info Source control is disabled
[2017.05.22-22.32.38:613][  0]Cmd: MAP LOAD FILE="../../../../../../Users/Andi/Documents/Unreal Projects/UnrealDemo/Content/StarterContent/Maps/Minimal_Default.umap" TEMPLATE=0 SHOWPROGRESS=1 FEATURELEVEL=3
[2017.05.22-22.32.38:613][  0]LightingResults: New page: Lighting Build
[2017.05.22-22.32.38:645][  0]MapCheck: New page: Map Check
[2017.05.22-22.32.38:645][  0]LightingResults: New page: Lighting Build
[2017.05.22-22.32.38:889][  0]LogAIModule: Creating AISystem for world Minimal_Default
[2017.05.22-22.32.38:908][  0]LogEditorServer: Finished looking for orphan Actors (0.000 secs)
[2017.05.22-22.32.38:908][  0]Cmd: MAP CHECKDEP NOCLEARLOG
[2017.05.22-22.32.38:943][  0]MapCheck: Info Map check complete: 0 Error(s), 0 Warning(s), took 34.661ms to complete.
[2017.05.22-22.32.38:943][  0]LogFileHelpers: Loading map 'Minimal_Default' took 0.330
[2017.05.22-22.32.39:170][  0]LogCollectionManager: Loaded 0 collections in 0.001032 seconds
[2017.05.22-22.32.39:270][  0]LogFileCache: Scanning file cache for directory 'C:/Users/Andi/Documents/Unreal Projects/UnrealDemo/Saved/Collections/' took 0.01s
[2017.05.22-22.32.39:270][  0]LogFileCache: Scanning file cache for directory 'C:/Users/Andi/Documents/Unreal Projects/UnrealDemo/Content/Developers/Andi/Collections/' took 0.01s
[2017.05.22-22.32.39:270][  0]LogFileCache: Scanning file cache for directory 'C:/Users/Andi/Documents/Unreal Projects/UnrealDemo/Content/Collections/' took 0.01s
[2017.05.22-22.32.39:270][  0]LogCollectionManager: Rebuilt the GUID cache for 0 collections in 0.000001 seconds
[2017.05.22-22.32.39:277][  0]LogContentBrowser: Native class hierarchy populated in 0.0077 seconds. Added 2245 classes and 453 folders.
[2017.05.22-22.32.39:329][  0]LogContentBrowser: Native class hierarchy updated for 'WidgetCarousel' in 0.0004 seconds. Added 0 classes and 0 folders.
[2017.05.22-22.32.39:357][  0]LogContentBrowser: Native class hierarchy updated for 'AddContentDialog' in 0.0004 seconds. Added 0 classes and 0 folders.
[2017.05.22-22.32.39:390][  0]LogContentBrowser: Native class hierarchy updated for 'SceneOutliner' in 0.0004 seconds. Added 1 classes and 2 folders.
[2017.05.22-22.32.39:430][  0]LogCrashTracker: Crashtracker disabled due to settings.
[2017.05.22-22.32.39:435][  0]LogUObjectGlobals:Warning: Failed to find object 'Class None.'
[2017.05.22-22.32.39:490][  0]LogContentBrowser: Native class hierarchy updated for 'HierarchicalLODOutliner' in 0.0004 seconds. Added 1 classes and 2 folders.
[2017.05.22-22.32.39:490][  0]LogLoad: (Engine Initialization) Total time: 13.16 seconds
[2017.05.22-22.32.39:490][  0]LogLoad: (Engine Initialization) Total Blueprint compile time: 0.07 seconds
[2017.05.22-22.32.39:490][  0]LogExternalProfiler: Found external profiler: VSPerf
[2017.05.22-22.32.39:490][  0]LogExternalProfiler: Using external profiler: VSPerf
[2017.05.22-22.32.39:499][  0]LogOcInput: OculusInput pre-init called
[2017.05.22-22.32.39:514][  0]LogAssetRegistry: Asset discovery search completed in 6.7549 seconds
[2017.05.22-22.32.39:514][  0]LogCollectionManager: Rebuilt the object cache for 0 collections in 0.000002 seconds (found 0 objects)
[2017.05.22-22.32.39:514][  0]LogCollectionManager: Fixed up redirectors for 0 collections in 0.000013 seconds (updated 0 objects)
[2017.05.22-22.32.39:517][  0]LogContentStreaming: Texture pool size now 1000 MB
[2017.05.22-22.32.39:525][  0]LogSlate: Took 0.000159 seconds to synchronously load lazily loaded font '../../../Engine/Content/Slate/Fonts/Roboto-Regular.ttf' (155K)
[2017.05.22-22.32.39:528][  0]LogSlate: Took 0.000202 seconds to synchronously load lazily loaded font '../../../Engine/Content/Slate/Fonts/Roboto-Bold.ttf' (160K)
[2017.05.22-22.32.39:532][  0]LogSlate: Took 0.000176 seconds to synchronously load lazily loaded font '../../../Engine/Content/Editor/Slate/Fonts/FontAwesome.ttf' (139K)
[2017.05.22-22.32.39:627][  0]LogSlate: Took 0.000218 seconds to synchronously load lazily loaded font '../../../Engine/Content/Slate/Fonts/Roboto-Light.ttf' (159K)
[2017.05.22-22.32.39:672][  0]LogRenderer: Reallocating scene render targets to support 1208x576 NumSamples 1 (Frame:2).
[2017.05.22-22.33.18:919][145]Cmd: MAP LOAD FILE="../../../Engine/Content/Maps/Templates/Template_Default.umap" TEMPLATE=1 SHOWPROGRESS=1 FEATURELEVEL=3
[2017.05.22-22.33.18:922][145]LogSlate: Took 0.000103 seconds to synchronously load lazily loaded font '../../../Engine/Content/Slate/Fonts/Roboto-Light.ttf' (159K)
[2017.05.22-22.33.18:944][145]LightingResults: New page: Lighting Build
[2017.05.22-22.33.18:945][145]LoadErrors: New page: Loading map: Template_Default.umap
[2017.05.22-22.33.18:969][145]MapCheck: New page: Map Check
[2017.05.22-22.33.18:969][145]LightingResults: New page: Lighting Build
[2017.05.22-22.33.18:989][145]LogAIModule: Creating AISystem for world Untitled_1
[2017.05.22-22.33.18:992][145]LogActorComponent: RegisterComponentWithWorld: (/Temp/Untitled_1.Untitled_1:PersistentLevel.WorldSettings_1.StaticMeshComponent0) Trying to register component with IsPendingKill() == true. Aborting.
[2017.05.22-22.33.19:012][145]LogEditorServer: Finished looking for orphan Actors (0.000 secs)
[2017.05.22-22.33.19:022][145]Cmd: MAP CHECKDEP NOCLEARLOG
[2017.05.22-22.33.19:057][145]MapCheck: Info Map check complete: 0 Error(s), 0 Warning(s), took 35.384ms to complete.
[2017.05.22-22.33.19:057][145]LogFileHelpers: Loading map 'Template_Default' took 0.158
[2017.05.22-22.36.32:699][224]LogSlate: Only BGRA pngs, bmps or icos are supported in by External Image Picker
[2017.05.22-22.36.33:864][327]LogTemp:Display: Executing iPhonePackager certificates Engine -bundlename com.YourCompany.UnrealDemo

[2017.05.22-22.36.33:864][327]LogTemp:Display: CWD: C:\Program Files\Epic Games\UE_4.15\Engine\Binaries\DotNET\IOS

[2017.05.22-22.36.33:864][327]LogTemp:Display: Initial Dir: C:\Program Files\Epic Games\UE_4.15

[2017.05.22-22.36.33:864][327]LogTemp:Display: Env CWD: C:\Program Files\Epic Games\UE_4.15\Engine\Binaries\DotNET\IOS

[2017.05.22-22.36.33:864][327]LogTemp:Display: BranchPath = ANDI-PC/C/Program Files/Epic Games/UE_4.15/Engine/Binaries --- GameBranchPath = ANDI-PC/C/Program Files/Epic Games/UE_4.15/Engine/Binaries

[2017.05.22-22.36.34:505][404]LogTemp:Display: IPP ERROR: Application exception: System.IO.DirectoryNotFoundException: Could not find a part of the path 'C:\Users\Andi\AppData\Local\Apple Computer\MobileDevice\Provisioning Profiles'.

[2017.05.22-22.36.34:505][404]LogTemp:Display:    at System.IO.__Error.WinIOError(Int32 errorCode, String maybeFullPath)

[2017.05.22-22.36.34:505][404]LogTemp:Display:    at System.IO.FileSystemEnumerableIterator`1.CommonInit()

[2017.05.22-22.36.34:505][404]LogTemp:Display:    at System.IO.FileSystemEnumerableIterator`1..ctor(String path, String originalUserPath, String searchPattern, SearchOption searchOption, SearchResultHandler`1 resultHandler, Boolean checkHost)

[2017.05.22-22.36.34:505][404]LogTemp:Display:    at System.IO.Directory.EnumerateFiles(String path, String searchPattern)

[2017.05.22-22.36.34:505][404]LogTemp:Display:    at iPhonePackager.CodeSignatureBuilder.FindProvisions(String CFBundleIdentifier)

[2017.05.22-22.36.34:505][404]LogTemp:Display:    at iPhonePackager.Program.Main(String[] args)

[2017.05.22-22.38.40:494][717]LogSavePackage: Save=92.97ms
[2017.05.22-22.38.40:494][717]LogSavePackage: Moving '../../../../../../Users/Andi/Documents/Unreal Projects/UnrealDemo/Saved/TestLevelEE398AE743889414B1E353B5BF5851A8.tmp' to '../../../../../../Users/Andi/Documents/Unreal Projects/UnrealDemo/Content/StarterContent/Maps/TestLevel.umap'
[2017.05.22-22.38.40:496][717]LogSavePackage:Display: Finished SavePackage ../../../../../../Users/Andi/Documents/Unreal Projects/UnrealDemo/Content/StarterContent/Maps/TestLevel.umap
[2017.05.22-22.38.40:533][717]LogFileHelpers: Saving map 'TestLevel' took 1.994
[2017.05.22-22.38.40:534][717]Cmd: MAP LOAD FILE="../../../../../../Users/Andi/Documents/Unreal Projects/UnrealDemo/Content/StarterContent/Maps/TestLevel.umap" TEMPLATE=0 SHOWPROGRESS=1 FEATURELEVEL=3
[2017.05.22-22.38.40:555][717]LightingResults: New page: Lighting Build
[2017.05.22-22.38.40:556][717]LoadErrors: New page: Loading map: TestLevel.umap
[2017.05.22-22.38.40:557][717]MapCheck: New page: Map Check
[2017.05.22-22.38.40:557][717]LightingResults: New page: Lighting Build
[2017.05.22-22.38.40:596][717]LogAIModule: Creating AISystem for world TestLevel
[2017.05.22-22.38.40:684][717]LogEditorServer: Finished looking for orphan Actors (0.000 secs)
[2017.05.22-22.38.40:702][717]Cmd: MAP CHECKDEP NOCLEARLOG
[2017.05.22-22.38.40:736][717]MapCheck: Info Map check complete: 0 Error(s), 0 Warning(s), took 34.21ms to complete.
[2017.05.22-22.38.40:736][717]LogFileHelpers: Loading map 'TestLevel' took 0.203
[2017.05.22-22.39.04:009][670]LogTemp: Repeting last play command: Selected Viewport
[2017.05.22-22.39.04:025][670]LogPlayLevel: PlayLevel: No blueprints needed recompiling
[2017.05.22-22.39.04:026][670]PIE: New page: PIE session: TestLevel (May 22, 2017, 2:39:04 PM)
[2017.05.22-22.39.04:026][670]LogPlayLevel: Creating play world package: /Game/StarterContent/Maps/UEDPIE_0_TestLevel
[2017.05.22-22.39.04:029][670]LogPlayLevel: PIE: StaticDuplicateObject took: (0.002983s)
[2017.05.22-22.39.04:030][670]LogAIModule: Creating AISystem for world TestLevel
[2017.05.22-22.39.04:031][670]LogPlayLevel: PIE: World Init took: (0.001933s)
[2017.05.22-22.39.04:031][670]LogPlayLevel: PIE: Created PIE world by copying editor world from /Game/StarterContent/Maps/TestLevel.TestLevel to /Game/StarterContent/Maps/UEDPIE_0_TestLevel.TestLevel (0.005249s)
[2017.05.22-22.39.04:049][670]LogInit: XAudio2 using 'Speakers (2- High Definition Audio Device)' : 2 channels at 44.1 kHz using 16 bits per sample (channel mask 0x3)
[2017.05.22-22.39.04:055][670]LogInit: FAudioDevice initialized.
[2017.05.22-22.39.04:097][670]LogLoad: Game class is 'GameModeBase'
[2017.05.22-22.39.04:099][670]LogWorld: Bringing World /Game/StarterContent/Maps/UEDPIE_0_TestLevel.TestLevel up for play (max tick rate 0) at 2017.05.22-18.39.04
[2017.05.22-22.39.04:099][670]LogWorld: Bringing up level for play took: 0.000706
[2017.05.22-22.39.04:131][670]LogContentBrowser: Native class hierarchy updated for 'MovieSceneCapture' in 0.0005 seconds. Added 11 classes and 0 folders.
[2017.05.22-22.39.04:132][670]PIE: Info Play in editor start time for /Game/StarterContent/Maps/UEDPIE_0_TestLevel -0.385
[2017.05.22-22.40.29:003][468]LogActorFactory: Actor Factory created Wall_Door_400x400
[2017.05.22-22.40.35:784][263]LogActorFactory: Actor Factory created Wall_Door_400x400
[2017.05.22-22.40.40:507][827]LogActorFactory: Actor Factory created Wall_Door_400x400
[2017.05.22-22.40.58:125][920]LogEditorViewport: Clicking on Actor (context menu): StaticMeshActor (Wall_Door_400x400)
[2017.05.22-22.41.04:638][602]LogEditorViewport: Clicking on Actor (LMB): StaticMeshActor (Wall_Door_400x400)
[2017.05.22-22.41.05:018][647]LogEditorViewport: Clicking on Actor (LMB): StaticMeshActor (Wall_Door_400x400)
[2017.05.22-22.41.05:405][693]LogEditorViewport: Clicking on Actor (context menu): StaticMeshActor (Wall_Door_400x400)
[2017.05.22-22.41.10:900][296]LogEditorViewport: Clicking on Actor (LMB): StaticMeshActor (Wall_Door_400x400)
[2017.05.22-22.41.12:330][467]Cmd: DELETE
[2017.05.22-22.41.12:330][467]Cmd: ACTOR DELETE
[2017.05.22-22.41.12:488][467]LogEditorActor: Deleted Actor: StaticMeshActor
[2017.05.22-22.41.12:514][467]LogEditorActor: Deleted 1 Actors (0.026 secs)
[2017.05.22-22.43.41:606][343]LogActorFactory: Actor Factory created Wall_400x400
[2017.05.22-22.43.41:752][360]LogActorFactory: Actor Factory created Wall_400x400
[2017.05.22-22.43.48:025][109]LogEditorViewport: Clicking on Actor (context menu): StaticMeshActor (Wall_400x400)
[2017.05.22-22.43.49:132][238]LogEditorViewport: Clicking on Actor (LMB): StaticMeshActor (Wall_400x400)
[2017.05.22-22.43.49:819][320]Cmd: DELETE
[2017.05.22-22.43.49:819][320]Cmd: ACTOR DELETE
[2017.05.22-22.43.49:820][320]LogEditorActor: Deleted Actor: StaticMeshActor
[2017.05.22-22.43.49:827][320]LogEditorActor: Deleted 1 Actors (0.008 secs)
[2017.05.22-22.44.01:126][568]LogActorFactory: Actor Factory created Wall_Window_400x300
[2017.05.22-22.44.05:922][143]LogActorFactory: Actor Factory created Wall_Window_400x300
[2017.05.22-22.44.52:156][679]LogEditorViewport: Clicking on Actor (LMB): BP_Sky_Sphere_C (Sky Sphere)
[2017.05.22-22.44.53:163][795]LogEditorViewport: Clicking on Actor (LMB): BP_Sky_Sphere_C (Sky Sphere)
[2017.05.22-22.44.54:579][964]LogEditorViewport: Clicking on Actor (LMB): DirectionalLight (Light Source)
[2017.05.22-22.44.55:677][ 93]LogEditorViewport: Clicking on Actor (context menu): DirectionalLight (Light Source)
[2017.05.22-22.44.56:987][247]LogEditorViewport: Clicking on Actor (LMB): BP_Sky_Sphere_C (Sky Sphere)
[2017.05.22-22.44.57:586][317]LogEditorViewport: Clicking on Actor (LMB): DirectionalLight (Light Source)
[2017.05.22-22.45.00:684][686]LogEditorViewport: Clicking on Actor (LMB): BP_Sky_Sphere_C (Sky Sphere)
[2017.05.22-22.45.01:266][754]LogEditorViewport: Clicking on Actor (LMB): StaticMeshActor (Wall_Window_400x300)
[2017.05.22-22.45.07:983][545]LogActorFactory: Actor Factory created Wall_400x300
[2017.05.22-22.45.10:258][817]LogActorFactory: Actor Factory created Wall_400x300
[2017.05.22-22.45.25:673][653]LogEditorViewport: Clicking on Actor (LMB): StaticMeshActor (Wall_400x300)
[2017.05.22-22.45.54:421][ 91]LogEditorViewport: Clicking on Actor (LMB): StaticMeshActor (Wall_400x300)
[2017.05.22-22.46.07:221][602]LogEditorViewport: Clicking on Actor (LMB): BP_Sky_Sphere_C (Sky Sphere)
[2017.05.22-22.46.23:286][522]LogActorFactory: Actor Factory created Wall_400x300
[2017.05.22-22.46.23:616][561]LogActorFactory: Actor Factory created Wall_400x300
[2017.05.22-22.46.35:169][933]LogEditorViewport: Clicking on Actor (LMB): StaticMeshActor (Wall_400x301)
[2017.05.22-22.46.46:684][299]LogEditorViewport: Clicking on Actor (LMB): StaticMeshActor (Floor)
[2017.05.22-22.46.47:471][389]LogEditorViewport: Clicking on Actor (LMB): StaticMeshActor (Wall_400x301)
[2017.05.22-22.47.00:580][939]LogEditorViewport: Clicking on Actor (LMB): StaticMeshActor (Wall_400x301)
[2017.05.22-22.47.05:106][476]LogEditorViewport: Clicking on Actor (LMB): StaticMeshActor (Wall_400x301)
[2017.05.22-22.47.05:241][487]LogEditorViewport: Clicking on Component (LMB): StaticMeshComponent (StaticMeshComponent0)
[2017.05.22-22.47.45:738][224]LogEditorViewport: Clicking Background
[2017.05.22-22.47.49:206][640]LogEditorViewport: Clicking on Actor (LMB): StaticMeshActor (Wall_400x301)
[2017.05.22-22.47.51:594][920]LogEditorViewport: Clicking Background
[2017.05.22-22.48.04:728][442]LogEditorViewport: Clicking on Actor (LMB): StaticMeshActor (Wall_400x301)
[2017.05.22-22.48.12:859][399]LogEditorViewport: Clicking on Actor (LMB): StaticMeshActor (Wall_400x301)
[2017.05.22-22.48.21:553][405]LogEditorViewport: Clicking on Actor (LMB): StaticMeshActor (Wall_400x301)
[2017.05.22-22.48.41:525][749]LogEditorViewport: Clicking on Actor (LMB): StaticMeshActor (Floor)
[2017.05.22-22.48.42:261][833]LogEditorViewport: Clicking on Actor (LMB): StaticMeshActor (Wall_400x301)
[2017.05.22-22.49.09:547][932]LogEditorViewport: Clicking on Actor (LMB): StaticMeshActor (Wall_400x301)
[2017.05.22-22.49.20:006][176]LogEditorViewport: Clicking on Actor (LMB): BP_Sky_Sphere_C (Sky Sphere)
[2017.05.22-22.50.34:350][560]LogEditorViewport: Clicking on Actor (LMB): Blueprint_Effect_Fire_C (Blueprint_Effect_Fire)
[2017.05.22-22.50.58:682][472]LogSlate: Took 0.000179 seconds to synchronously load lazily loaded font '../../../Engine/Content/Slate/Fonts/Roboto-Light.ttf' (159K)
[2017.05.22-22.51.07:810][528]LogSavePackage: Save=52.11ms
[2017.05.22-22.51.07:810][528]LogSavePackage: Moving '../../../../../../Users/Andi/Documents/Unreal Projects/UnrealDemo/Saved/TestLevel_Auto10E67CD6341B3D5BD15700D84E5957791.tmp' to '../../../../../../Users/Andi/Documents/Unreal Projects/UnrealDemo/Saved/Autosaves/Game/StarterContent/Maps/TestLevel_Auto1.umap'
[2017.05.22-22.51.07:811][528]LogSavePackage:Display: Finished SavePackage ../../../../../../Users/Andi/Documents/Unreal Projects/UnrealDemo/Saved/Autosaves/Game/StarterContent/Maps/TestLevel_Auto1.umap
[2017.05.22-22.51.07:825][528]LogFileHelpers: Editor autosave (incl. sublevels) for '/Game/StarterContent/Maps/TestLevel' took 0.128
[2017.05.22-22.51.07:825][528]LogFileHelpers: Editor autosave (incl. sublevels) for all levels took 0.128
[2017.05.22-22.53.21:841][550]LogActorFactory: Actor Factory created Wall_400x400
[2017.05.22-22.53.22:040][573]LogActorFactory: Actor Factory created Wall_400x400
[2017.05.22-22.53.47:073][530]LogEditorViewport: Clicking on Actor (LMB): StaticMeshActor (Wall_400x400)
[2017.05.22-22.55.02:707][501]LogTemp: Repeting last play command: Selected Viewport
[2017.05.22-22.55.02:715][501]LogPlayLevel: PlayLevel: No blueprints needed recompiling
[2017.05.22-22.55.02:715][501]PIE: New page: PIE session: TestLevel (May 22, 2017, 2:55:02 PM)
[2017.05.22-22.55.02:715][501]LogPlayLevel: Creating play world package: /Game/StarterContent/Maps/UEDPIE_0_TestLevel
[2017.05.22-22.55.02:717][501]LogPlayLevel: PIE: StaticDuplicateObject took: (0.002171s)
[2017.05.22-22.55.02:719][501]LogAIModule: Creating AISystem for world TestLevel
[2017.05.22-22.55.02:720][501]LogPlayLevel: PIE: World Init took: (0.002580s)
[2017.05.22-22.55.02:720][501]LogPlayLevel: PIE: Created PIE world by copying editor world from /Game/StarterContent/Maps/TestLevel.TestLevel to /Game/StarterContent/Maps/UEDPIE_0_TestLevel.TestLevel (0.004940s)
[2017.05.22-22.55.02:744][501]LogInit: XAudio2 using 'Speakers (2- High Definition Audio Device)' : 2 channels at 44.1 kHz using 16 bits per sample (channel mask 0x3)
[2017.05.22-22.55.02:750][501]LogInit: FAudioDevice initialized.
[2017.05.22-22.55.02:779][501]LogLoad: Game class is 'GameModeBase'
[2017.05.22-22.55.02:781][501]LogWorld: Bringing World /Game/StarterContent/Maps/UEDPIE_0_TestLevel.TestLevel up for play (max tick rate 0) at 2017.05.22-18.55.02
[2017.05.22-22.55.02:781][501]LogWorld: Bringing up level for play took: 0.000951
[2017.05.22-22.55.02:782][501]PIE: Info Play in editor start time for /Game/StarterContent/Maps/UEDPIE_0_TestLevel 0.265
[2017.05.22-22.55.43:129][325]LogEditorViewport: Clicking on Actor (LMB): BP_Sky_Sphere_C (Sky Sphere)
[2017.05.22-22.55.44:124][442]LogEditorViewport: Clicking on Actor (LMB): BP_Sky_Sphere_C (Sky Sphere)
[2017.05.22-22.55.44:217][452]LogEditorViewport: Clicking on Component (LMB): StaticMeshComponent (Sky Sphere mesh)
[2017.05.22-22.55.44:455][477]LogEditorViewport: Clicking on Component (LMB): StaticMeshComponent (Sky Sphere mesh)
[2017.05.22-22.55.45:202][566]LogEditorViewport: Clicking on Component (context menu): StaticMeshComponent (Sky Sphere mesh)
[2017.05.22-22.55.46:839][756]LogEditorViewport: Clicking on Component (LMB): StaticMeshComponent (Sky Sphere mesh)
[2017.05.22-22.55.56:494][910]LogTemp: Repeting last play command: Selected Viewport
[2017.05.22-22.55.56:501][910]LogPlayLevel: PlayLevel: No blueprints needed recompiling
[2017.05.22-22.55.56:502][910]PIE: New page: PIE session: TestLevel (May 22, 2017, 2:55:56 PM)
[2017.05.22-22.55.56:502][910]LogPlayLevel: Creating play world package: /Game/StarterContent/Maps/UEDPIE_0_TestLevel
[2017.05.22-22.55.56:504][910]LogPlayLevel: PIE: StaticDuplicateObject took: (0.002285s)
[2017.05.22-22.55.56:506][910]LogAIModule: Creating AISystem for world TestLevel
[2017.05.22-22.55.56:506][910]LogPlayLevel: PIE: World Init took: (0.002244s)
[2017.05.22-22.55.56:506][910]LogPlayLevel: PIE: Created PIE world by copying editor world from /Game/StarterContent/Maps/TestLevel.TestLevel to /Game/StarterContent/Maps/UEDPIE_0_TestLevel.TestLevel (0.004745s)
[2017.05.22-22.55.56:518][910]LogInit: XAudio2 using 'Speakers (2- High Definition Audio Device)' : 2 channels at 44.1 kHz using 16 bits per sample (channel mask 0x3)
[2017.05.22-22.55.56:523][910]LogInit: FAudioDevice initialized.
[2017.05.22-22.55.56:556][910]LogLoad: Game class is 'GameModeBase'
[2017.05.22-22.55.56:557][910]LogWorld: Bringing World /Game/StarterContent/Maps/UEDPIE_0_TestLevel.TestLevel up for play (max tick rate 0) at 2017.05.22-18.55.56
[2017.05.22-22.55.56:557][910]LogWorld: Bringing up level for play took: 0.000834
[2017.05.22-22.55.56:558][910]PIE: Info Play in editor start time for /Game/StarterContent/Maps/UEDPIE_0_TestLevel 0.041
[2017.05.22-22.56.11:423][662]LogEditorViewport: Clicking on Actor (LMB): DirectionalLight (Light Source)
[2017.05.22-22.56.27:891][598]LogEditorViewport: Clicking on Actor (LMB): DirectionalLight (Light Source)
[2017.05.22-22.56.31:820][ 41]LogEditorViewport: Clicking on Actor (LMB): StaticMeshActor (Wall_Window_400x300)
[2017.05.22-22.56.33:063][186]LogEditorViewport: Clicking on Actor (LMB): DirectionalLight (Light Source)
[2017.05.22-22.59.04:082][904]LogEditorViewport: Clicking on Actor (context menu): DirectionalLight (Light Source)
[2017.05.22-22.59.24:060][275]Cmd: DUPLICATE
[2017.05.22-22.59.24:060][275]Cmd: ACTOR DUPLICATE
[2017.05.22-22.59.42:536][386]LogEditorViewport: Clicking on Actor (context menu): DirectionalLight (Light Source2)
[2017.05.22-22.59.43:588][502]LogSlate: Took 0.029375 seconds to synchronously load lazily loaded font '../../../Engine/Content/Editor/Slate/Fonts/Roboto-BoldCondensed.ttf' (158K)
[2017.05.22-23.00.08:483][498]LogEditorViewport: Clicking on Actor (LMB): DirectionalLight (Light Source2)
[2017.05.22-23.00.09:509][620]LogEditorViewport: Clicking on Actor (LMB): DirectionalLight (Light Source2)
[2017.05.22-23.00.09:571][626]LogEditorViewport: Clicking on Component (LMB): DirectionalLightComponent (LightComponent0)
[2017.05.22-23.00.10:378][721]LogEditorViewport: Clicking on Component (context menu): DirectionalLightComponent (LightComponent0)
[2017.05.22-23.00.17:344][521]LogEditorViewport: Clicking on Component (context menu): DirectionalLightComponent (LightComponent0)
[2017.05.22-23.00.20:160][834]LogEditorViewport: Clicking on Actor (context menu): DirectionalLight (Light Source2)
[2017.05.22-23.00.28:156][710]LogEditorViewport: Clicking on Actor (LMB): BP_Sky_Sphere_C (Sky Sphere)
[2017.05.22-23.00.32:007][169]LogEditorViewport: Clicking on Actor (LMB): DirectionalLight (Light Source2)
[2017.05.22-23.00.32:584][235]LogEditorViewport: Clicking on Actor (context menu): DirectionalLight (Light Source2)
[2017.05.22-23.01.02:592][542]LogEditorViewport: Clicking on Actor (LMB): StaticMeshActor (Floor)
[2017.05.22-23.01.04:922][806]LogEditorViewport: Clicking on Actor (LMB): StaticMeshActor (Floor)
[2017.05.22-23.01.05:660][889]LogEditorViewport: Clicking on Actor (context menu): StaticMeshActor (Floor)
[2017.05.22-23.01.10:362][424]Cmd: DUPLICATE
[2017.05.22-23.01.10:362][424]Cmd: ACTOR DUPLICATE
[2017.05.22-23.01.26:441][339]LogEditorViewport: Clicking on Actor (LMB): StaticMeshActor (Floor)
[2017.05.22-23.01.35:402][394]LogEditorViewport: Clicking on Actor (LMB): StaticMeshActor (Floor2)
[2017.05.22-23.01.47:628][846]LogEditorViewport: Clicking on Actor (LMB): StaticMeshActor (Floor)
[2017.05.22-23.01.51:736][329]LogEditorViewport: Clicking on Actor (LMB): StaticMeshActor (Floor2)
[2017.05.22-23.01.53:193][496]LogEditorViewport: Clicking on Actor (LMB): StaticMeshActor (Floor2)
[2017.05.22-23.01.58:937][183]LogEditorViewport: Clicking on Actor (LMB): StaticMeshActor (Floor2)
[2017.05.22-23.01.59:303][226]LogEditorViewport: Clicking on Actor (LMB): BP_Sky_Sphere_C (Sky Sphere)
[2017.05.22-23.02.00:371][352]LogEditorViewport: Clicking on Actor (LMB): StaticMeshActor (Floor2)
[2017.05.22-23.02.02:013][544]LogEditorViewport: Clicking on Actor (LMB): StaticMeshActor (Floor2)
[2017.05.22-23.02.02:539][606]LogEditorViewport: Clicking on Actor (LMB): BP_Sky_Sphere_C (Sky Sphere)
[2017.05.22-23.03.20:855][912]LogSavePackage: Save=26.27ms
[2017.05.22-23.03.20:855][912]LogSavePackage: Moving '../../../../../../Users/Andi/Documents/Unreal Projects/UnrealDemo/Saved/TestLevel_Auto2D669044942D5723E77ECBBADECABD0BA.tmp' to '../../../../../../Users/Andi/Documents/Unreal Projects/UnrealDemo/Saved/Autosaves/Game/StarterContent/Maps/TestLevel_Auto2.umap'
[2017.05.22-23.03.20:856][912]LogSavePackage:Display: Finished SavePackage ../../../../../../Users/Andi/Documents/Unreal Projects/UnrealDemo/Saved/Autosaves/Game/StarterContent/Maps/TestLevel_Auto2.umap
[2017.05.22-23.03.20:857][912]LogFileHelpers: Editor autosave (incl. sublevels) for '/Game/StarterContent/Maps/TestLevel' took 0.046
[2017.05.22-23.03.20:857][912]LogFileHelpers: Editor autosave (incl. sublevels) for all levels took 0.046
[2017.05.22-23.03.54:375][881]LogActorFactory: Actor Factory created SM_Couch
[2017.05.22-23.03.58:232][341]LogActorFactory: Actor Factory created SM_Couch
[2017.05.22-23.05.39:263][449]LogTemp: Repeting last play command: Selected Viewport
[2017.05.22-23.05.39:270][449]LogPlayLevel: PlayLevel: No blueprints needed recompiling
[2017.05.22-23.05.39:271][449]PIE: New page: PIE session: TestLevel (May 22, 2017, 3:05:39 PM)
[2017.05.22-23.05.39:271][449]LogPlayLevel: Creating play world package: /Game/StarterContent/Maps/UEDPIE_0_TestLevel
[2017.05.22-23.05.39:273][449]LogPlayLevel: PIE: StaticDuplicateObject took: (0.001894s)
[2017.05.22-23.05.39:273][449]LogAIModule: Creating AISystem for world TestLevel
[2017.05.22-23.05.39:274][449]LogPlayLevel: PIE: World Init took: (0.000939s)
[2017.05.22-23.05.39:274][449]LogPlayLevel: PIE: Created PIE world by copying editor world from /Game/StarterContent/Maps/TestLevel.TestLevel to /Game/StarterContent/Maps/UEDPIE_0_TestLevel.TestLevel (0.003070s)
[2017.05.22-23.05.39:286][449]LogInit: XAudio2 using 'Speakers (2- High Definition Audio Device)' : 2 channels at 44.1 kHz using 16 bits per sample (channel mask 0x3)
[2017.05.22-23.05.39:292][449]LogInit: FAudioDevice initialized.
[2017.05.22-23.05.39:320][449]LogLoad: Game class is 'GameModeBase'
[2017.05.22-23.05.39:322][449]LogWorld: Bringing World /Game/StarterContent/Maps/UEDPIE_0_TestLevel.TestLevel up for play (max tick rate 0) at 2017.05.22-19.05.39
[2017.05.22-23.05.39:322][449]LogWorld: Bringing up level for play took: 0.001050
[2017.05.22-23.05.39:323][449]PIE: Info Play in editor start time for /Game/StarterContent/Maps/UEDPIE_0_TestLevel 0.807
[2017.05.22-23.06.56:972][752]LogEditorViewport: Clicking on Actor (LMB): BP_Sky_Sphere_C (Sky Sphere)
[2017.05.22-23.07.20:360][530]MapCheck: New page: Map Check
[2017.05.22-23.07.20:439][530]LightingResults: New page: Lighting Build - May 22, 2017, 3:07:20 PM
[2017.05.22-23.07.20:988][530]LogSwarmInterface: [OpenConnection] Registering TCP channel ...
[2017.05.22-23.07.21:400][530]LogSwarmInterface: [OpenConnection] Connecting to agent ...
[2017.05.22-23.07.22:232][530]LogSwarmInterface: [TryOpenConnection] Testing the Agent
[2017.05.22-23.07.26:166][530]LogSwarmInterface:Error: [TryOpenConnection] Waiting for the agent to start up ...
[2017.05.22-23.07.26:525][530]LogSwarmInterface:Error: System.Net.Sockets.SocketException (0x80004005): No connection could be made because the target machine actively refused it 127.0.0.1:8008

Server stack trace: 
   at System.Net.Sockets.Socket.DoConnect(EndPoint endPointSnapshot, SocketAddress socketAddress)
   at System.Net.Sockets.Socket.Connect(EndPoint remoteEP)
   at System.Runtime.Remoting.Channels.RemoteConnection.CreateNewSocket(EndPoint ipEndPoint)
   at System.Runtime.Remoting.Channels.SocketCache.GetSocket(String machinePortAndSid, Boolean openNew)
   at System.Runtime.Remoting.Channels.Tcp.TcpClientTransportSink.SendRequestWithRetry(IMessage msg, ITransportHeaders requestHeaders, Stream requestStream)
   at System.Runtime.Remoting.Channels.Tcp.TcpClientTransportSink.AsyncProcessRequest(IClientChannelSinkStack sinkStack, IMessage msg, ITransportHeaders headers, Stream stream)
   at System.Runtime.Remoting.Channels.BinaryClientFormatterSink.AsyncProcessMessage(IMessage msg, IMessageSink replySink)

Exception rethrown at [0]: 
   at System.Runtime.Remoting.Proxies.RealProxy.HandleReturnMessage(IMessage reqMsg, IMessage retMsg)
   at System.Runtime.Remoting.Proxies.RealProxy.PrivateInvoke(MessageData& msgData, Int32 type)
   at NSwarm.IAgentInterfaceWrapper.MethodDelegate.EndInvoke(Hashtable& OutParameters, IAsyncResult result)
   at NSwarm.FSwarmInterface.TryOpenConnection(FConnectionCallback CallbackFunc, IntPtr CallbackData, ELogFlags LoggingFlags)
[2017.05.22-23.07.33:941][530]LogSwarmInterface: [TryOpenConnection] Opening Connection to Agent
[2017.05.22-23.07.33:941][530]LogSwarmInterface: [TryOpenConnection] Local Process ID is 6560
[2017.05.22-23.07.43:635][530]LogStaticLightingSystem:Warning: No importance volume found, so the scene bounding box was used.  You can optimize your scene's quality and lighting build times by adding importance volumes.
[2017.05.22-23.07.43:647][530]LogStaticLightingSystem: Running Lightmass w/ ImmediateImport mode ENABLED
[2017.05.22-23.07.43:647][530]LogStaticLightingSystem: Running Lightmass w/ ImmediateProcess mode ENABLED
[2017.05.22-23.07.43:647][530]LogStaticLightingSystem: Running Lightmass w/ Sorting mode ENABLED
[2017.05.22-23.07.43:647][530]LogStaticLightingSystem: Running Lightmass w/ Mapping paddings ENABLED
[2017.05.22-23.07.43:647][530]LogStaticLightingSystem: Running Lightmass w/ Mapping debug paddings DISABLED
[2017.05.22-23.07.44:892][530]LogEditorBuildUtils: Build time 0:24
[2017.05.22-23.07.44:957][530]LogMaterial: Missing cached shader map for material FLightmassMaterialRenderer M_Ground_Moss, compiling. 
[2017.05.22-23.07.44:979][530]LogTemp:Display: Added material ShaderMap 0x000000BE0C07EE80 with Material 0x000000BE172FD000 to ShaderMapsBeingCompiled
[2017.05.22-23.07.45:045][530]LogTemp:Display: Kicking off shader compilation for FLightmassMaterialRenderer M_Ground_Moss, GameThreadShaderMap 0x000000BE0C07EE80
[2017.05.22-23.07.45:052][530]LogMaterial: Missing cached shader map for material FLightmassMaterialRenderer M_Ground_Moss, compiling. 
[2017.05.22-23.07.45:053][530]LogTemp:Display: Added material ShaderMap 0x000000BE0C07D280 with Material 0x000000BE172FD600 to ShaderMapsBeingCompiled
[2017.05.22-23.07.45:057][530]LogTemp:Display: Kicking off shader compilation for FLightmassMaterialRenderer M_Ground_Moss, GameThreadShaderMap 0x000000BE0C07D280
[2017.05.22-23.07.45:085][531]LogMaterial: Missing cached shader map for material FLightmassMaterialRenderer MaterialInstanceDynamic_1, compiling. 
[2017.05.22-23.07.45:086][531]LogTemp:Display: Added material ShaderMap 0x000000BE171F5280 with Material 0x000000BE1721C100 to ShaderMapsBeingCompiled
[2017.05.22-23.07.45:088][531]LogTemp:Display: Kicking off shader compilation for FLightmassMaterialRenderer MaterialInstanceDynamic_1, GameThreadShaderMap 0x000000BE171F5280
[2017.05.22-23.07.45:090][531]LogMaterial: Missing cached shader map for material FLightmassMaterialRenderer MaterialInstanceDynamic_1, compiling. 
[2017.05.22-23.07.45:091][531]LogTemp:Display: Added material ShaderMap 0x000000BE172E7580 with Material 0x000000BE1721C400 to ShaderMapsBeingCompiled
[2017.05.22-23.07.45:093][531]LogTemp:Display: Kicking off shader compilation for FLightmassMaterialRenderer MaterialInstanceDynamic_1, GameThreadShaderMap 0x000000BE172E7580
[2017.05.22-23.07.45:124][532]LogMaterial: Missing cached shader map for material FLightmassMaterialRenderer M_Basic_Wall, compiling. 
[2017.05.22-23.07.45:124][532]LogTemp:Display: Added material ShaderMap 0x000000BE172E5D00 with Material 0x000000BE172D2B00 to ShaderMapsBeingCompiled
[2017.05.22-23.07.45:126][532]LogTemp:Display: Kicking off shader compilation for FLightmassMaterialRenderer M_Basic_Wall, GameThreadShaderMap 0x000000BE172E5D00
[2017.05.22-23.07.45:128][532]LogMaterial: Missing cached shader map for material FLightmassMaterialRenderer M_Basic_Wall, compiling. 
[2017.05.22-23.07.45:129][532]LogTemp:Display: Added material ShaderMap 0x000000BE172E4480 with Material 0x000000BE172D2200 to ShaderMapsBeingCompiled
[2017.05.22-23.07.45:130][532]LogTemp:Display: Kicking off shader compilation for FLightmassMaterialRenderer M_Basic_Wall, GameThreadShaderMap 0x000000BE172E4480
[2017.05.22-23.07.45:133][532]LogMaterial: Missing cached shader map for material FLightmassMaterialRenderer M_Chair, compiling. 
[2017.05.22-23.07.45:133][532]LogTemp:Display: Added material ShaderMap 0x000000BE17076E80 with Material 0x000000BE172D1900 to ShaderMapsBeingCompiled
[2017.05.22-23.07.45:135][532]LogTemp:Display: Kicking off shader compilation for FLightmassMaterialRenderer M_Chair, GameThreadShaderMap 0x000000BE17076E80
[2017.05.22-23.07.45:138][532]LogMaterial: Missing cached shader map for material FLightmassMaterialRenderer M_Chair, compiling. 
[2017.05.22-23.07.45:138][532]LogTemp:Display: Added material ShaderMap 0x000000BE17075980 with Material 0x000000BE172D1000 to ShaderMapsBeingCompiled
[2017.05.22-23.07.45:140][532]LogTemp:Display: Kicking off shader compilation for FLightmassMaterialRenderer M_Chair, GameThreadShaderMap 0x000000BE17075980
[2017.05.22-23.07.45:157][533]LogMaterial: Missing cached shader map for material FLightmassMaterialRenderer WorldGridMaterial, compiling. Is special engine material.
[2017.05.22-23.07.45:158][533]LogTemp:Display: Added material ShaderMap 0x000000BE17074480 with Material 0x000000BE172A7A00 to ShaderMapsBeingCompiled
[2017.05.22-23.07.45:160][533]LogTemp:Display: Kicking off shader compilation for FLightmassMaterialRenderer WorldGridMaterial, GameThreadShaderMap 0x000000BE17074480
[2017.05.22-23.07.45:162][533]LogMaterial: Missing cached shader map for material FLightmassMaterialRenderer WorldGridMaterial, compiling. Is special engine material.
[2017.05.22-23.07.45:163][533]LogTemp:Display: Added material ShaderMap 0x000000BE17016B00 with Material 0x000000BE172A7400 to ShaderMapsBeingCompiled
[2017.05.22-23.07.45:165][533]LogTemp:Display: Kicking off shader compilation for FLightmassMaterialRenderer WorldGridMaterial, GameThreadShaderMap 0x000000BE17016B00
[2017.05.22-23.07.46:890][534]LogTemp:Display: Finished compile of shader map 0x000000BE0C07D280
[2017.05.22-23.07.46:890][534]LogTemp:Display: Shader map FLightmassMaterialRenderer M_Ground_Moss complete, GameThreadShaderMap 0x000000BE0C07D280, marking material FLightmassMaterialRenderer M_Ground_Moss as finished
[2017.05.22-23.07.46:890][534]LogTemp:Display: Marking material as finished 0x000000BE172FD600
[2017.05.22-23.07.46:891][534]LogTemp:Display: Finished compile of shader map 0x000000BE171F5280
[2017.05.22-23.07.46:891][534]LogTemp:Display: Shader map FLightmassMaterialRenderer MaterialInstanceDynamic_1 complete, GameThreadShaderMap 0x000000BE171F5280, marking material FLightmassMaterialRenderer MaterialInstanceDynamic_1 as finished
[2017.05.22-23.07.46:891][534]LogTemp:Display: Marking material as finished 0x000000BE1721C100
[2017.05.22-23.07.46:893][534]LogTemp:Display: Finished compile of shader map 0x000000BE0C07EE80
[2017.05.22-23.07.46:893][534]LogTemp:Display: Shader map FLightmassMaterialRenderer M_Ground_Moss complete, GameThreadShaderMap 0x000000BE0C07EE80, marking material FLightmassMaterialRenderer M_Ground_Moss as finished
[2017.05.22-23.07.46:893][534]LogTemp:Display: Marking material as finished 0x000000BE172FD000
[2017.05.22-23.07.46:895][534]LogTemp:Display: Finished compile of shader map 0x000000BE17074480
[2017.05.22-23.07.46:895][534]LogTemp:Display: Shader map FLightmassMaterialRenderer WorldGridMaterial complete, GameThreadShaderMap 0x000000BE17074480, marking material FLightmassMaterialRenderer WorldGridMaterial as finished
[2017.05.22-23.07.46:895][534]LogTemp:Display: Marking material as finished 0x000000BE172A7A00
[2017.05.22-23.07.46:897][534]LogTemp:Display: Finished compile of shader map 0x000000BE17016B00
[2017.05.22-23.07.46:897][534]LogTemp:Display: Shader map FLightmassMaterialRenderer WorldGridMaterial complete, GameThreadShaderMap 0x000000BE17016B00, marking material FLightmassMaterialRenderer WorldGridMaterial as finished
[2017.05.22-23.07.46:897][534]LogTemp:Display: Marking material as finished 0x000000BE172A7400
[2017.05.22-23.07.46:899][534]LogTemp:Display: Finished compile of shader map 0x000000BE172E7580
[2017.05.22-23.07.46:899][534]LogTemp:Display: Shader map FLightmassMaterialRenderer MaterialInstanceDynamic_1 complete, GameThreadShaderMap 0x000000BE172E7580, marking material FLightmassMaterialRenderer MaterialInstanceDynamic_1 as finished
[2017.05.22-23.07.46:899][534]LogTemp:Display: Marking material as finished 0x000000BE1721C400
[2017.05.22-23.07.46:901][534]LogTemp:Display: Finished compile of shader map 0x000000BE172E5D00
[2017.05.22-23.07.46:901][534]LogTemp:Display: Shader map FLightmassMaterialRenderer M_Basic_Wall complete, GameThreadShaderMap 0x000000BE172E5D00, marking material FLightmassMaterialRenderer M_Basic_Wall as finished
[2017.05.22-23.07.46:901][534]LogTemp:Display: Marking material as finished 0x000000BE172D2B00
[2017.05.22-23.07.46:903][534]LogTemp:Display: Finished compile of shader map 0x000000BE172E4480
[2017.05.22-23.07.46:903][534]LogTemp:Display: Shader map FLightmassMaterialRenderer M_Basic_Wall complete, GameThreadShaderMap 0x000000BE172E4480, marking material FLightmassMaterialRenderer M_Basic_Wall as finished
[2017.05.22-23.07.46:903][534]LogTemp:Display: Marking material as finished 0x000000BE172D2200
[2017.05.22-23.07.46:905][534]LogTemp:Display: Finished compile of shader map 0x000000BE17076E80
[2017.05.22-23.07.46:905][534]LogTemp:Display: Shader map FLightmassMaterialRenderer M_Chair complete, GameThreadShaderMap 0x000000BE17076E80, marking material FLightmassMaterialRenderer M_Chair as finished
[2017.05.22-23.07.46:905][534]LogTemp:Display: Marking material as finished 0x000000BE172D1900
[2017.05.22-23.07.46:906][534]LogTemp:Display: Finished compile of shader map 0x000000BE17075980
[2017.05.22-23.07.46:906][534]LogTemp:Display: Shader map FLightmassMaterialRenderer M_Chair complete, GameThreadShaderMap 0x000000BE17075980, marking material FLightmassMaterialRenderer M_Chair as finished
[2017.05.22-23.07.46:906][534]LogTemp:Display: Marking material as finished 0x000000BE172D1000
[2017.05.22-23.07.55:920][219]Job is a success!
[2017.05.22-23.07.56:283][220]LogTexture:Display: Building textures: HQ_Lightmap0_1 (AutoDXT, 512X512) - 165 MB total VRAM
[2017.05.22-23.07.56:283][220]LogTexture:Display: Building textures: LQ_Lightmap_0_1 (DXT1, 512X512) - 165 MB total VRAM
[2017.05.22-23.07.56:283][220]LogTexture:Display: Building textures: HQ_Lightmap0_2 (AutoDXT, 64X64) - 165 MB total VRAM
[2017.05.22-23.07.56:283][220]LogTexture:Display: Building textures: LQ_Lightmap_0_2 (DXT1, 64X64) - 165 MB total VRAM
[2017.05.22-23.07.56:319][220]LogTexture:Display: Building textures: ShadowMapTexture2D_1 (BGRA8, 32X32) - 165 MB total VRAM
[2017.05.22-23.07.56:319][220]LogTexture:Display: Building textures: ShadowMapTexture2D_0 (BGRA8, 512X256) - 165 MB total VRAM
[2017.05.22-23.07.56:903][220]Lightmass on ANDI-PC: 6.42 sec total, 4.80 sec importing, 40 ms setup, 263 ms photons, 1.27 sec processing, 0 ms extra exporting [8/8 mappings]. Threads: 5.05 sec total, 1.82 sec processing.
[2017.05.22-23.07.56:950][220]LogStaticLightingSystem: Illumination: 36.4 sec (169 ms encoding lightmaps, 93 ms encoding shadowmaps)
[2017.05.22-23.07.56:950][220]LogStaticLightingSystem: Lightmap texture memory:  0.5 MB (0.5 MB streaming, 0.0 MB non-streaming), 4 textures
[2017.05.22-23.07.56:950][220]LogStaticLightingSystem: Shadowmap texture memory: 0.7 MB (0.7 MB streaming, 0.0 MB non-streaming), 2 textures
[2017.05.22-23.07.57:614][220]DumpUnbuiltLightIteractions
[2017.05.22-23.07.57:614][220]Lights with unbuilt interactions: 0
[2017.05.22-23.07.57:614][220]
[2017.05.22-23.07.57:614][220]Primitives with unbuilt interactions: 0
[2017.05.22-23.07.57:670][221]Cmd: MAP CHECK NOTIFYRESULTS
[2017.05.22-23.07.57:670][221]MapCheck: New page: TestLevel - May 22, 2017, 3:07:57 PM
[2017.05.22-23.07.58:007][221]MapCheck: Info Map check complete: 0 Error(s), 0 Warning(s), took 337.315ms to complete.
[2017.05.22-23.11.39:730][792]LogSavePackage: Save=23.52ms
[2017.05.22-23.11.39:730][792]LogSavePackage: Moving '../../../../../../Users/Andi/Documents/Unreal Projects/UnrealDemo/Saved/TestLevel34C327A84C403166B906749C0255E72B.tmp' to '../../../../../../Users/Andi/Documents/Unreal Projects/UnrealDemo/Content/StarterContent/Maps/TestLevel.umap'
[2017.05.22-23.11.39:732][792]LogSavePackage:Display: Finished SavePackage ../../../../../../Users/Andi/Documents/Unreal Projects/UnrealDemo/Content/StarterContent/Maps/TestLevel.umap
[2017.05.22-23.11.39:745][792]LogFileHelpers: Saving map 'TestLevel' took 0.090
[2017.05.22-23.11.39:775][792]LogSavePackage: Save=25.75ms
[2017.05.22-23.11.39:775][792]LogSavePackage: Moving '../../../../../../Users/Andi/Documents/Unreal Projects/UnrealDemo/Saved/TestLevel_BuiltData586DF4C6480B636E4454D3827877FC86.tmp' to '../../../../../../Users/Andi/Documents/Unreal Projects/UnrealDemo/Content/StarterContent/Maps/TestLevel_BuiltData.uasset'
[2017.05.22-23.11.39:777][792]LogSavePackage:Display: Finished SavePackage ../../../../../../Users/Andi/Documents/Unreal Projects/UnrealDemo/Content/StarterContent/Maps/TestLevel_BuiltData.uasset
[2017.05.22-23.11.51:166][141]LogWindowsTextInputMethodSystem:Display: IME system now deactivated.
[2017.05.22-23.11.51:796][142]Cmd: QUIT_EDITOR
[2017.05.22-23.11.52:759][142]LogExit: Preparing to exit.
[2017.05.22-23.11.53:793][142]LogDirectoryWatcher: A directory notification for 'C:/Users/Andi/Documents/Unreal Projects/UnrealDemo/Content/' was aborted.
[2017.05.22-23.11.53:856][142]LogExit: Editor shut down
[2017.05.22-23.11.53:857][142]LogExit: Transaction tracking system shut down
[2017.05.22-23.11.54:588][142]LogObj: Freed 0b from 0 cluster array pools.
[2017.05.22-23.11.54:588][142]LogExit: Object subsystem successfully closed.
[2017.05.22-23.11.54:607][142]LogD3D11RHI: Shutdown
[2017.05.22-23.11.54:607][142]LogD3D11RHI: CleanupD3DDevice
[2017.05.22-23.11.54:748][142]LogD3D11RHI: ~FD3D11DynamicRHI
[2017.05.22-23.11.54:764][142]LogModuleManager: Shutting down and abandoning module MovieSceneCapture (504)
[2017.05.22-23.11.54:777][142]LogModuleManager: Shutting down and abandoning module ExternalImagePicker (502)
[2017.05.22-23.11.54:777][142]LogModuleManager: Shutting down and abandoning module NewLevelDialog (500)
[2017.05.22-23.11.54:777][142]LogModuleManager: Shutting down and abandoning module HierarchicalLODOutliner (498)
[2017.05.22-23.11.54:777][142]LogModuleManager: Shutting down and abandoning module CrashTracker (496)
[2017.05.22-23.11.54:777][142]LogModuleManager: Shutting down and abandoning module SceneOutliner (494)
[2017.05.22-23.11.54:777][142]LogModuleManager: Shutting down and abandoning module AddContentDialog (492)
[2017.05.22-23.11.54:783][142]LogDirectoryWatcher: A directory notification for 'C:/Program Files/Epic Games/UE_4.15/FeaturePacks/' was aborted.
[2017.05.22-23.11.54:794][142]LogModuleManager: Shutting down and abandoning module WidgetCarousel (491)
[2017.05.22-23.11.54:794][142]LogModuleManager: Shutting down and abandoning module EditorWidgets (488)
[2017.05.22-23.11.54:794][142]LogModuleManager: Shutting down and abandoning module CollectionManager (486)
[2017.05.22-23.11.54:794][142]LogDirectoryWatcher: A directory notification for 'C:/Users/Andi/Documents/Unreal Projects/UnrealDemo/Content/Collections/' was aborted.
[2017.05.22-23.11.54:794][142]LogDirectoryWatcher: A directory notification for 'C:/Users/Andi/Documents/Unreal Projects/UnrealDemo/Content/Developers/Andi/Collections/' was aborted.
[2017.05.22-23.11.54:794][142]LogDirectoryWatcher: A directory notification for 'C:/Users/Andi/Documents/Unreal Projects/UnrealDemo/Saved/Collections/' was aborted.
[2017.05.22-23.11.54:794][142]LogModuleManager: Shutting down and abandoning module StatsViewer (484)
[2017.05.22-23.11.54:794][142]LogModuleManager: Shutting down and abandoning module FoliageEdit (482)
[2017.05.22-23.11.54:794][142]LogModuleManager: Shutting down and abandoning module LandscapeEditor (480)
[2017.05.22-23.11.54:794][142]LogModuleManager: Shutting down and abandoning module SceneDepthPickerMode (478)
[2017.05.22-23.11.54:794][142]LogModuleManager: Shutting down and abandoning module ActorPickerMode (476)
[2017.05.22-23.11.54:794][142]LogModuleManager: Shutting down and abandoning module GeometryMode (474)
[2017.05.22-23.11.54:794][142]LogModuleManager: Shutting down and abandoning module TextureAlignMode (472)
[2017.05.22-23.11.54:794][142]LogModuleManager: Shutting down and abandoning module BspMode (470)
[2017.05.22-23.11.54:794][142]LogModuleManager: Shutting down and abandoning module HardwareSurvey (468)
[2017.05.22-23.11.54:794][142]LogModuleManager: Shutting down and abandoning module SequenceRecorderSections (466)
[2017.05.22-23.11.54:794][142]LogModuleManager: Shutting down and abandoning module AutomationWorker (464)
[2017.05.22-23.11.54:794][142]LogModuleManager: Shutting down and abandoning module MatineeToLevelSequence (462)
[2017.05.22-23.11.54:794][142]LogModuleManager: Shutting down and abandoning module LevelSequenceEditor (460)
[2017.05.22-23.11.54:794][142]LogModuleManager: Shutting down and abandoning module PlacementMode (459)
[2017.05.22-23.11.54:795][142]LogModuleManager: Shutting down and abandoning module WmfMediaFactory (456)
[2017.05.22-23.11.54:795][142]LogModuleManager: Shutting down and abandoning module WmfMediaEditor (454)
[2017.05.22-23.11.54:795][142]LogModuleManager: Shutting down and abandoning module MfMediaFactory (452)
[2017.05.22-23.11.54:795][142]LogModuleManager: Shutting down and abandoning module MfMediaEditor (450)
[2017.05.22-23.11.54:795][142]LogModuleManager: Shutting down and abandoning module AvfMediaFactory (448)
[2017.05.22-23.11.54:795][142]LogModuleManager: Shutting down and abandoning module AvfMediaEditor (446)
[2017.05.22-23.11.54:795][142]LogModuleManager: Shutting down and abandoning module AndroidMediaFactory (444)
[2017.05.22-23.11.54:795][142]LogModuleManager: Shutting down and abandoning module Media (443)
[2017.05.22-23.11.54:795][142]LogModuleManager: Shutting down and abandoning module AndroidMediaEditor (440)
[2017.05.22-23.11.54:795][142]LogModuleManager: Shutting down and abandoning module CharacterAI (438)
[2017.05.22-23.11.54:795][142]LogModuleManager: Shutting down and abandoning module AudioCapture (436)
[2017.05.22-23.11.54:795][142]LogModuleManager: Shutting down and abandoning module SequenceRecorder (435)
[2017.05.22-23.11.54:795][142]LogModuleManager: Shutting down and abandoning module SmartSnapping (432)
[2017.05.22-23.11.54:795][142]LogModuleManager: Shutting down and abandoning module SessionServices (430)
[2017.05.22-23.11.54:795][142]LogModuleManager: Shutting down and abandoning module ViewportSnapping (428)
[2017.05.22-23.11.54:795][142]LogModuleManager: Shutting down and abandoning module ViewportInteraction (426)
[2017.05.22-23.11.54:795][142]LogModuleManager: Shutting down and abandoning module LogVisualizer (424)
[2017.05.22-23.11.54:795][142]LogModuleManager: Shutting down and abandoning module IntroTutorials (422)
[2017.05.22-23.11.54:795][142]LogModuleManager: Shutting down and abandoning module GameProjectGeneration (421)
[2017.05.22-23.11.54:795][142]LogModuleManager: Shutting down and abandoning module EditorLiveStreaming (418)
[2017.05.22-23.11.54:795][142]LogModuleManager: Shutting down and abandoning module IOSPlatformEditor (416)
[2017.05.22-23.11.54:795][142]LogModuleManager: Shutting down and abandoning module HTML5PlatformEditor (414)
[2017.05.22-23.11.54:795][142]LogModuleManager: Shutting down and abandoning module AndroidPlatformEditor (412)
[2017.05.22-23.11.54:795][142]LogModuleManager: Shutting down and abandoning module AndroidDeviceDetection (411)
[2017.05.22-23.11.54:953][142]LogModuleManager: Shutting down and abandoning module IOSRuntimeSettings (408)
[2017.05.22-23.11.54:953][142]LogModuleManager: Shutting down and abandoning module AndroidRuntimeSettings (406)
[2017.05.22-23.11.54:953][142]LogModuleManager: Shutting down and abandoning module InputBindingEditor (404)
[2017.05.22-23.11.54:953][142]LogModuleManager: Shutting down and abandoning module NiagaraEditor (402)
[2017.05.22-23.11.54:954][142]LogModuleManager: Shutting down and abandoning module MergeActors (400)
[2017.05.22-23.11.54:954][142]LogModuleManager: Shutting down and abandoning module SizeMap (398)
[2017.05.22-23.11.54:954][142]LogModuleManager: Shutting down and abandoning module TreeMap (396)
[2017.05.22-23.11.54:954][142]LogModuleManager: Shutting down and abandoning module ReferenceViewer (394)
[2017.05.22-23.11.54:954][142]LogModuleManager: Shutting down and abandoning module LocalizationDashboard (392)
[2017.05.22-23.11.54:954][142]LogModuleManager: Shutting down and abandoning module LocalizationService (391)
[2017.05.22-23.11.54:954][142]LogModuleManager: Shutting down and abandoning module HardwareTargeting (388)
[2017.05.22-23.11.54:954][142]LogModuleManager: Shutting down and abandoning module DeviceProfileEditor (386)
[2017.05.22-23.11.54:954][142]LogModuleManager: Shutting down and abandoning module UndoHistory (384)
[2017.05.22-23.11.54:954][142]LogModuleManager: Shutting down and abandoning module UserFeedback (382)
[2017.05.22-23.11.54:954][142]LogModuleManager: Shutting down and abandoning module XmlParser (380)
[2017.05.22-23.11.54:954][142]LogModuleManager: Shutting down and abandoning module Blutility (378)
[2017.05.22-23.11.54:954][142]LogModuleManager: Shutting down and abandoning module ProjectSettingsViewer (376)
[2017.05.22-23.11.54:954][142]LogModuleManager: Shutting down and abandoning module ProjectTargetPlatformEditor (375)
[2017.05.22-23.11.54:954][142]LogModuleManager: Shutting down and abandoning module EditorSettingsViewer (372)
[2017.05.22-23.11.54:955][142]LogModuleManager: Shutting down and abandoning module SettingsEditor (370)
[2017.05.22-23.11.54:955][142]LogModuleManager: Shutting down and abandoning module ProjectLauncher (368)
[2017.05.22-23.11.54:955][142]LogModuleManager: Shutting down and abandoning module SessionFrontend (366)
[2017.05.22-23.11.54:955][142]LogModuleManager: Shutting down and abandoning module ProfilerClient (364)
[2017.05.22-23.11.54:955][142]LogModuleManager: Shutting down and abandoning module DeviceManager (362)
[2017.05.22-23.11.54:955][142]LogModuleManager: Shutting down and abandoning module TargetDeviceServices (361)
[2017.05.22-23.11.54:999][142]LogModuleManager: Shutting down and abandoning module AutomationController (358)
[2017.05.22-23.11.54:999][142]LogModuleManager: Shutting down and abandoning module AutomationWindow (356)
[2017.05.22-23.11.54:999][142]LogModuleManager: Shutting down and abandoning module Layers (354)
[2017.05.22-23.11.55:009][142]LogModuleManager: Shutting down and abandoning module ComponentVisualizers (352)
[2017.05.22-23.11.55:009][142]LogModuleManager: Shutting down and abandoning module DetailCustomizations (350)
[2017.05.22-23.11.55:019][142]LogModuleManager: Shutting down and abandoning module PackagesDialog (348)
[2017.05.22-23.11.55:029][142]LogModuleManager: Shutting down and abandoning module Persona (346)
[2017.05.22-23.11.55:029][142]LogModuleManager: Shutting down and abandoning module AnimGraph (345)
[2017.05.22-23.11.55:029][142]LogModuleManager: Shutting down and abandoning module Kismet (342)
[2017.05.22-23.11.55:030][142]LogModuleManager: Shutting down and abandoning module GraphEditor (340)
[2017.05.22-23.11.55:030][142]LogModuleManager: Shutting down and abandoning module ClassViewer (338)
[2017.05.22-23.11.55:033][142]LogModuleManager: Shutting down and abandoning module Toolbox (336)
[2017.05.22-23.11.55:033][142]LogModuleManager: Shutting down and abandoning module ModuleUI (334)
[2017.05.22-23.11.55:033][142]LogModuleManager: Shutting down and abandoning module MovieSceneTools (332)
[2017.05.22-23.11.55:033][142]LogModuleManager: Shutting down and abandoning module OutputLog (330)
[2017.05.22-23.11.55:033][142]LogModuleManager: Shutting down and abandoning module GammaUI (328)
[2017.05.22-23.11.55:033][142]LogModuleManager: Shutting down and abandoning module Documentation (326)
[2017.05.22-23.11.55:033][142]LogModuleManager: Shutting down and abandoning module Niagara (324)
[2017.05.22-23.11.55:034][142]LogModuleManager: Shutting down and abandoning module StreamingPauseRendering (322)
[2017.05.22-23.11.55:034][142]LogModuleManager: Shutting down and abandoning module AnalyticsET (320)
[2017.05.22-23.11.55:034][142]LogModuleManager: Shutting down and abandoning module PortalServices (318)
[2017.05.22-23.11.55:034][142]LogModuleManager: Shutting down and abandoning module PortalRpc (316)
[2017.05.22-23.11.55:034][142]LogModuleManager: Shutting down and abandoning module MessagingRpc (314)
[2017.05.22-23.11.55:034][142]LogModuleManager: Shutting down and abandoning module AIModule (312)
[2017.05.22-23.11.55:034][142]LogModuleManager: Shutting down and abandoning module GameplayDebugger (311)
[2017.05.22-23.11.55:034][142]LogModuleManager: Shutting down and abandoning module AITestSuite (309)
[2017.05.22-23.11.55:034][142]LogModuleManager: Shutting down and abandoning module ProfilerService (306)
[2017.05.22-23.11.55:130][142]LogModuleManager: Shutting down and abandoning module TaskGraph (304)
[2017.05.22-23.11.55:147][142]LogModuleManager: Shutting down and abandoning module SteamVRController (302)
[2017.05.22-23.11.55:147][142]LogModuleManager: Shutting down and abandoning module SteamVR (300)
[2017.05.22-23.11.55:147][142]LogModuleManager: Shutting down and abandoning module ProceduralMeshComponentEditor (298)
[2017.05.22-23.11.55:147][142]LogModuleManager: Shutting down and abandoning module ProceduralMeshComponent (296)
[2017.05.22-23.11.55:148][142]LogModuleManager: Shutting down and abandoning module OculusLibrary (294)
[2017.05.22-23.11.55:148][142]LogModuleManager: Shutting down and abandoning module OculusInput (292)
[2017.05.22-23.11.55:148][142]LogModuleManager: Shutting down and abandoning module MobilePatchingUtils (290)
[2017.05.22-23.11.55:148][142]LogModuleManager: Shutting down and abandoning module CustomMeshComponent (288)
[2017.05.22-23.11.55:148][142]LogModuleManager: Shutting down and abandoning module CableComponent (286)
[2017.05.22-23.11.55:148][142]LogModuleManager: Shutting down and abandoning module ArchVisCharacter (284)
[2017.05.22-23.11.55:148][142]LogModuleManager: Shutting down and abandoning module MediaPlayerEditor (280)
[2017.05.22-23.11.55:148][142]LogModuleManager: Shutting down and abandoning module HTML5Networking (278)
[2017.05.22-23.11.55:148][142]LogModuleManager: Shutting down and abandoning module AlembicImporter (276)
[2017.05.22-23.11.55:148][142]LogModuleManager: Shutting down and abandoning module AlembicLibrary (275)
[2017.05.22-23.11.55:148][142]LogModuleManager: Shutting down and abandoning module GeometryCache (274)
[2017.05.22-23.11.55:148][142]LogModuleManager: Shutting down and abandoning module GeometryCacheEd (273)
[2017.05.22-23.11.55:148][142]LogModuleManager: Shutting down and abandoning module SuperSearchEditor (268)
[2017.05.22-23.11.55:148][142]LogModuleManager: Shutting down and abandoning module SuperSearch (267)
[2017.05.22-23.11.55:148][142]LogModuleManager: Shutting down and abandoning module SpeedTreeImporter (264)
[2017.05.22-23.11.55:148][142]LogModuleManager: Shutting down and abandoning module PluginBrowser (262)
[2017.05.22-23.11.55:148][142]LogModuleManager: Shutting down and abandoning module MobileLauncherProfileWizard (260)
[2017.05.22-23.11.55:148][142]LogModuleManager: Shutting down and abandoning module EpicSurvey (258)
[2017.05.22-23.11.55:148][142]LogModuleManager: Shutting down and abandoning module VisualStudioSourceCodeAccess (256)
[2017.05.22-23.11.55:148][142]LogModuleManager: Shutting down and abandoning module DesktopPlatform (255)
[2017.05.22-23.11.55:148][142]LogModuleManager: Shutting down and abandoning module UObjectPlugin (252)
[2017.05.22-23.11.55:148][142]LogModuleManager: Shutting down and abandoning module SubversionSourceControl (250)
[2017.05.22-23.11.55:148][142]LogModuleManager: Shutting down and abandoning module PerforceSourceControl (248)
[2017.05.22-23.11.55:148][142]LogModuleManager: Shutting down and abandoning module GitSourceControl (246)
[2017.05.22-23.11.55:148][142]LogModuleManager: Shutting down and abandoning module SourceControl (245)
[2017.05.22-23.11.55:149][142]LogModuleManager: Shutting down and abandoning module LightPropagationVolumeEditor (242)
[2017.05.22-23.11.55:149][142]LogModuleManager: Shutting down and abandoning module PaperTiledImporter (240)
[2017.05.22-23.11.55:149][142]LogModuleManager: Shutting down and abandoning module PaperSpriteSheetImporter (238)
[2017.05.22-23.11.55:149][142]LogModuleManager: Shutting down and abandoning module Paper2DEditor (236)
[2017.05.22-23.11.55:149][142]LogModuleManager: Shutting down and abandoning module MeshPaint (235)
[2017.05.22-23.11.55:149][142]LogModuleManager: Shutting down and abandoning module LevelEditor (233)
[2017.05.22-23.11.55:149][142]LogModuleManager: Shutting down and abandoning module PixelInspectorModule (232)
[2017.05.22-23.11.55:149][142]LogModuleManager: Shutting down and abandoning module MainFrame (230)
[2017.05.22-23.11.55:149][142]LogModuleManager: Shutting down and abandoning module HotReload (229)
[2017.05.22-23.11.55:150][142]LogModuleManager: Shutting down and abandoning module ContentBrowser (225)
[2017.05.22-23.11.55:153][142]LogModuleManager: Shutting down and abandoning module PhysXVehiclesEditor (222)
[2017.05.22-23.11.55:153][142]LogModuleManager: Shutting down and abandoning module PhysXVehicles (220)
[2017.05.22-23.11.55:153][142]LogModuleManager: Shutting down and abandoning module LocationServicesBPLibrary (218)
[2017.05.22-23.11.55:153][142]LogModuleManager: Shutting down and abandoning module UdpMessaging (216)
[2017.05.22-23.11.55:254][142]LogModuleManager: Shutting down and abandoning module TcpMessaging (214)
[2017.05.22-23.11.55:355][142]LogModuleManager: Shutting down and abandoning module GameplayTagsEditor (212)
[2017.05.22-23.11.55:355][142]LogModuleManager: Shutting down and abandoning module FacialAnimationEditor (210)
[2017.05.22-23.11.55:355][142]LogModuleManager: Shutting down and abandoning module FacialAnimation (208)
[2017.05.22-23.11.55:355][142]LogModuleManager: Shutting down and abandoning module LightPropagationVolumeRuntime (206)
[2017.05.22-23.11.55:355][142]LogModuleManager: Shutting down and abandoning module Paper2D (204)
[2017.05.22-23.11.55:355][142]LogModuleManager: Shutting down and abandoning module WindowsMoviePlayer (202)
[2017.05.22-23.11.55:355][142]LogModuleManager: Shutting down and abandoning module WmfMedia (200)
[2017.05.22-23.11.55:355][142]LogModuleManager: Shutting down and abandoning module MfMedia (198)
[2017.05.22-23.11.55:355][142]LogModuleManager: Shutting down and abandoning module MediaAssets (196)
[2017.05.22-23.11.55:355][142]LogModuleManager: Shutting down and abandoning module GameLiveStreaming (194)
[2017.05.22-23.11.55:355][142]LogModuleManager: Shutting down and abandoning module VREditor (192)
[2017.05.22-23.11.55:356][142]LogModuleManager: Shutting down and abandoning module GameplayTasksEditor (190)
[2017.05.22-23.11.55:356][142]LogModuleManager: Shutting down and abandoning module BehaviorTreeEditor (188)
[2017.05.22-23.11.55:356][142]LogModuleManager: Shutting down and abandoning module FunctionalTesting (186)
[2017.05.22-23.11.55:356][142]LogModuleManager: Shutting down and abandoning module CollisionAnalyzer (184)
[2017.05.22-23.11.55:356][142]LogModuleManager: Shutting down and abandoning module UMG (182)
[2017.05.22-23.11.55:356][142]LogModuleManager: Shutting down and abandoning module UMGEditor (181)
[2017.05.22-23.11.55:356][142]LogModuleManager: Shutting down and abandoning module Sequencer (180)
[2017.05.22-23.11.55:356][142]LogModuleManager: Shutting down and abandoning module AssetTools (178)
[2017.05.22-23.11.55:356][142]LogModuleManager: Shutting down and abandoning module MessageLog (177)
[2017.05.22-23.11.55:356][142]LogModuleManager: Shutting down and abandoning module WorkspaceMenuStructure (176)
[2017.05.22-23.11.55:356][142]LogModuleManager: Shutting down and abandoning module SlateReflector (170)
[2017.05.22-23.11.55:356][142]LogModuleManager: Shutting down and abandoning module Slate (168)
[2017.05.22-23.11.55:356][142]LogModuleManager: Shutting down and abandoning module EditorStyle (166)
[2017.05.22-23.11.55:364][142]LogModuleManager: Shutting down and abandoning module SourceCodeAccess (164)
[2017.05.22-23.11.55:367][142]LogModuleManager: Shutting down and abandoning module HeadMountedDisplay (162)
[2017.05.22-23.11.55:367][142]LogModuleManager: Shutting down and abandoning module XAudio2 (160)
[2017.05.22-23.11.55:367][142]LogModuleManager: Shutting down and abandoning module Networking (158)
[2017.05.22-23.11.55:367][142]LogModuleManager: Shutting down and abandoning module Core (154)
[2017.05.22-23.11.55:367][142]LogModuleManager: Shutting down and abandoning module AssetRegistry (152)
[2017.05.22-23.11.55:543][142]LogDirectoryWatcher: A directory notification for '../../../Engine/Content/' was aborted.
[2017.05.22-23.11.55:543][142]LogDirectoryWatcher: A directory notification for '../../../../../../Users/Andi/Documents/Unreal Projects/UnrealDemo/Content/' was aborted.
[2017.05.22-23.11.55:543][142]LogDirectoryWatcher: A directory notification for '../../../Engine/Plugins/2D/Paper2D/Content/' was aborted.
[2017.05.22-23.11.55:579][142]LogModuleManager: Shutting down and abandoning module DirectoryWatcher (151)
[2017.05.22-23.11.55:579][142]LogModuleManager: Shutting down and abandoning module KismetCompiler (148)
[2017.05.22-23.11.55:579][142]LogModuleManager: Shutting down and abandoning module PhysXFormats (146)
[2017.05.22-23.11.55:579][142]LogModuleManager: Shutting down and abandoning module MeshUtilities (144)
[2017.05.22-23.11.55:611][142]LogModuleManager: Shutting down and abandoning module SimplygonSwarm (143)
[2017.05.22-23.11.55:644][142]LogModuleManager: Shutting down and abandoning module SimplygonMeshReduction (141)
[2017.05.22-23.11.55:644][142]LogModuleManager: Shutting down and abandoning module QuadricMeshReduction (139)
[2017.05.22-23.11.55:644][142]LogModuleManager: Shutting down and abandoning module PropertyEditor (137)
[2017.05.22-23.11.55:644][142]LogModuleManager: Shutting down and abandoning module DerivedDataCache (134)
[2017.05.22-23.11.55:737][142]LogDerivedDataCache: Shutdown
[2017.05.22-23.11.55:737][142]LogModuleManager: Shutting down and abandoning module TargetPlatform (132)
[2017.05.22-23.11.55:737][142]LogModuleManager: Shutting down and abandoning module VulkanShaderFormat (131)
[2017.05.22-23.11.55:737][142]LogModuleManager: Shutting down and abandoning module ShaderFormatOpenGL (129)
[2017.05.22-23.11.55:738][142]LogModuleManager: Shutting down and abandoning module ShaderFormatD3D (127)
[2017.05.22-23.11.55:738][142]LogModuleManager: Shutting down and abandoning module MetalShaderFormat (125)
[2017.05.22-23.11.55:738][142]LogModuleManager: Shutting down and abandoning module TextureFormatUncompressed (123)
[2017.05.22-23.11.55:738][142]LogModuleManager: Shutting down and abandoning module TextureFormatPVR (121)
[2017.05.22-23.11.55:738][142]LogModuleManager: Shutting down and abandoning module TextureFormatDXT (119)
[2017.05.22-23.11.55:738][142]LogModuleManager: Shutting down and abandoning module TextureFormatIntelISPCTexComp (117)
[2017.05.22-23.11.55:739][142]LogModuleManager: Shutting down and abandoning module TextureFormatASTC (115)
[2017.05.22-23.11.55:739][142]LogModuleManager: Shutting down and abandoning module ImageWrapper (114)
[2017.05.22-23.11.55:739][142]LogModuleManager: Shutting down and abandoning module TextureFormatAndroid (111)
[2017.05.22-23.11.55:739][142]LogModuleManager: Shutting down and abandoning module AudioFormatOpus (109)
[2017.05.22-23.11.55:739][142]LogModuleManager: Shutting down and abandoning module AudioFormatOgg (107)
[2017.05.22-23.11.55:739][142]LogModuleManager: Shutting down and abandoning module AudioFormatADPCM (105)
[2017.05.22-23.11.55:739][142]LogModuleManager: Shutting down and abandoning module LinuxTargetPlatform (103)
[2017.05.22-23.11.55:739][142]LogModuleManager: Shutting down and abandoning module LinuxServerTargetPlatform (101)
[2017.05.22-23.11.55:739][142]LogModuleManager: Shutting down and abandoning module LinuxNoEditorTargetPlatform (99)
[2017.05.22-23.11.55:739][142]LogModuleManager: Shutting down and abandoning module LinuxClientTargetPlatform (97)
[2017.05.22-23.11.55:739][142]LogModuleManager: Shutting down and abandoning module TVOSTargetPlatform (95)
[2017.05.22-23.11.55:739][142]LogModuleManager: Shutting down and abandoning module Messaging (93)
[2017.05.22-23.11.55:739][142]LogModuleManager: Shutting down and abandoning module IOSTargetPlatform (91)
[2017.05.22-23.11.55:739][142]LogModuleManager: Shutting down and abandoning module HTML5TargetPlatform (89)
[2017.05.22-23.11.55:739][142]LogModuleManager: Shutting down and abandoning module Android_PVRTCTargetPlatform (87)
[2017.05.22-23.11.55:739][142]LogModuleManager: Shutting down and abandoning module Android_MultiTargetPlatform (85)
[2017.05.22-23.11.55:739][142]LogModuleManager: Shutting down and abandoning module Android_ETC2TargetPlatform (83)
[2017.05.22-23.11.55:739][142]LogModuleManager: Shutting down and abandoning module Android_ETC1TargetPlatform (81)
[2017.05.22-23.11.55:739][142]LogModuleManager: Shutting down and abandoning module Android_DXTTargetPlatform (79)
[2017.05.22-23.11.55:739][142]LogModuleManager: Shutting down and abandoning module Android_ATCTargetPlatform (77)
[2017.05.22-23.11.55:739][142]LogModuleManager: Shutting down and abandoning module Android_ASTCTargetPlatform (75)
[2017.05.22-23.11.55:739][142]LogModuleManager: Shutting down and abandoning module AndroidTargetPlatform (73)
[2017.05.22-23.11.55:739][142]LogModuleManager: Shutting down and abandoning module WindowsTargetPlatform (71)
[2017.05.22-23.11.55:741][142]LogModuleManager: Shutting down and abandoning module WindowsServerTargetPlatform (69)
[2017.05.22-23.11.55:742][142]LogModuleManager: Shutting down and abandoning module WindowsNoEditorTargetPlatform (67)
[2017.05.22-23.11.55:742][142]LogModuleManager: Shutting down and abandoning module WindowsClientTargetPlatform (65)
[2017.05.22-23.11.55:743][142]LogModuleManager: Shutting down and abandoning module MacTargetPlatform (63)
[2017.05.22-23.11.55:743][142]LogModuleManager: Shutting down and abandoning module MacServerTargetPlatform (61)
[2017.05.22-23.11.55:743][142]LogModuleManager: Shutting down and abandoning module MacNoEditorTargetPlatform (59)
[2017.05.22-23.11.55:743][142]LogModuleManager: Shutting down and abandoning module MacClientTargetPlatform (57)
[2017.05.22-23.11.55:743][142]LogModuleManager: Shutting down and abandoning module AllDesktopTargetPlatform (55)
[2017.05.22-23.11.55:743][142]LogModuleManager: Shutting down and abandoning module InputCore (52)
[2017.05.22-23.11.55:743][142]LogModuleManager: Shutting down and abandoning module Settings (50)
[2017.05.22-23.11.55:743][142]LogModuleManager: Shutting down and abandoning module OculusRift (48)
[2017.05.22-23.11.55:743][142]LogModuleManager: Shutting down and abandoning module GearVR (46)
[2017.05.22-23.11.55:743][142]LogModuleManager: Shutting down and abandoning module ExampleDeviceProfileSelector (44)
[2017.05.22-23.11.55:743][142]LogModuleManager: Shutting down and abandoning module OnlineBlueprintSupport (42)
[2017.05.22-23.11.55:743][142]LogModuleManager: Shutting down and abandoning module OnlineSubsystem (38)
[2017.05.22-23.11.55:743][142]LogOnline:Display: Unloading online subsystem: NULL
[2017.05.22-23.11.55:743][142]LogModuleManager: Shutting down and abandoning module XMPP (37)
[2017.05.22-23.11.55:743][142]LogModuleManager: Shutting down and abandoning module HTTP (35)
[2017.05.22-23.11.55:743][142]LogHttp:Display: Http module shutting down, but needs to wait on 1 outstanding Http requests:
[2017.05.22-23.11.55:743][142]LogHttp:Display: 	verb=[POST] url=[https://datarouter.ol.epicgames.com/datarouter/api/v1/public/data?SessionID=%7B9FAEBC5B-4A3F-DDCF-FE3A-24A83CE3FE2A%7D&AppID=UEEditor.Rocket.Release&AppVersion=4.15.2-3416026%2B%2B%2BUE4%2BRelease-4.15&UserID=9743bb524c795585c3c0c9a5a3378246%7C1a519bc40a4449baaecfa09a9902c6c8%7C2e21ca9d-63dc-48cf-b78f-56e2ae1c12e6&AppEnvironment=datacollector-binary&UploadType=eteventstream] status=Processing
[2017.05.22-23.11.55:761][142]LogModuleManager: Shutting down and abandoning module SSL (34)
[2017.05.22-23.11.55:764][142]LogModuleManager: Shutting down and abandoning module AudioEditor (30)
[2017.05.22-23.11.55:764][142]LogModuleManager: Shutting down and abandoning module TextureCompressor (28)
[2017.05.22-23.11.55:764][142]LogModuleManager: Shutting down and abandoning module ShaderCore (26)
[2017.05.22-23.11.55:764][142]LogModuleManager: Shutting down and abandoning module Landscape (24)
[2017.05.22-23.11.55:764][142]LogModuleManager: Shutting down and abandoning module SlateRHIRenderer (22)
[2017.05.22-23.11.55:765][142]LogModuleManager: Shutting down and abandoning module OpenGLDrv (20)
[2017.05.22-23.11.55:765][142]LogModuleManager: Shutting down and abandoning module D3D11RHI (18)
[2017.05.22-23.11.55:765][142]LogModuleManager: Shutting down and abandoning module AnimGraphRuntime (16)
[2017.05.22-23.11.55:765][142]LogModuleManager: Shutting down and abandoning module Renderer (14)
[2017.05.22-23.11.55:765][142]LogModuleManager: Shutting down and abandoning module Engine (12)
[2017.05.22-23.11.55:766][142]LogModuleManager: Shutting down and abandoning module CoreUObject (10)
[2017.05.22-23.11.55:766][142]LogModuleManager: Shutting down and abandoning module NetworkFile (8)
[2017.05.22-23.11.55:766][142]LogModuleManager: Shutting down and abandoning module StreamingFile (6)
[2017.05.22-23.11.55:766][142]LogModuleManager: Shutting down and abandoning module SandboxFile (4)
[2017.05.22-23.11.55:766][142]LogModuleManager: Shutting down and abandoning module PakFile (2)
[2017.05.22-23.11.55:767][142]LogExit: Exiting.
[2017.05.22-23.11.55:774][142]Log file closed, 05/22/17 19:11:55
